{ BTC: { currency_code: 'BTC', cash: '0.022940224', reserved: '0' },
  ETH: { currency_code: 'ETH', cash: '0.24776939', reserved: '0' },
  USD: { currency_code: 'USD', cash: '7.5357592', reserved: '0' } }
1515846155840 - LTCETH: bid => { price: '0.178', size: 1138 }
1515846155840 - LTCETH: ask => { price: '0.186', size: 1928 }
1515846156249 - LTCETH: bid => { price: '0.182', size: 2385 }
1515846157059 - LTCETH: bid => { price: '0.177', size: 4474 }
1515846157448 - LTCETH: bid => { price: '0.178', size: 1139 }
1515846157448 - LTCETH: ask => { price: '0.186', size: 1929 }
1515846157667 - LTCETH: bid => { price: '0.180', size: 752 }
1515846157667 - LTCETH: ask => { price: '0.187', size: 1316 }
1515846158370 - LTCETH: bid => { price: '0.176', size: 3508 }
1515846158370 - LTCETH: ask => { price: '0.185', size: 4874 }
1515846158568 - LTCETH: bid => { price: '0.177', size: 3156 }
1515846158568 - LTCETH: ask => { price: '0.186', size: 2272 }
1515846158633 - LTCETH: bid => { price: '0.178', size: 351 }
1515846159357 - LTCETH: bid => { price: '0.180', size: 787 }
1515846159553 - LTCETH: bid => { price: '0.176', size: 4824 }
1515846159660 - LTCETH: bid => { price: '0.176', size: 4825 }
1515846159862 - LTCETH: bid => { price: '0.176', size: 4824 }
1515846159946 - LTCETH: bid => { price: '0.176', size: 4825 }
1515846163742 - LTCETH: bid => { price: '0.182', size: 2385 }
1515846163742 - LTCETH: ask => { price: '0.184', size: 815 }
1515846163901 - LTCETH: bid => { price: '0.177', size: 5263 }
1515846163901 - LTCETH: ask => { price: '0.186', size: 2273 }
1515846163919 - LTCETH: ask => { price: '0.185', size: 5218 }
1515846164861 - LTCETH: bid => { price: '0.177', size: 3943 }
1515846164861 - LTCETH: ask => { price: '0.186', size: 1928 }
1515846164944 - LTCETH: bid => { price: '0.177', size: 3944 }
1515846164944 - LTCETH: ask => { price: '0.186', size: 1929 }
1515846165050 - LTCETH: bid => { price: '0.177', size: 3943 }
1515846165050 - LTCETH: ask => { price: '0.186', size: 1928 }
1515846165836 - LTCETH: bid => { price: '0.176', size: 1534 }
1515846168958 - LTCETH: bid => { price: '0.180', size: 752 }
1515846169651 - LTCETH: bid => { price: '0.182', size: 2467 }
1515846169962 - LTCETH: bid => { price: '0.176', size: 4824 }
1515846170956 - LTCETH: bid => { price: '0.180', size: 787 }
1515846175966 - LTCETH: bid => { price: '0.177', size: 3148 }
1515846178048 - LTCETH: bid => { price: '0.180', size: 752 }
1515846179492 - LTCETH: bid => { price: '0.177', size: 792 }
1515846184294 - LTCETH: bid => { price: '0.177', size: 1587 }
1515846197751 - LTCETH: bid => { price: '0.176', size: 7180 }
1515846206846 - LTCETH: bid => { price: '0.177', size: 792 }
1515846212645 - LTCETH: ask => { price: '0.185', size: 4874 }
1515846213631 - LTCETH: ask => { price: '0.184', size: 305 }
1515846215363 - LTCETH: bid => { price: '0.177', size: 1587 }
1515846216466 - LTCETH: bid => { price: '0.176', size: 7181 }
1515846216865 - LTCETH: bid => { price: '0.176', size: 7180 }
1515846216952 - LTCETH: bid => { price: '0.176', size: 7181 }
1515846217347 - LTCETH: bid => { price: '0.177', size: 2907 }
1515846217347 - LTCETH: ask => { price: '0.186', size: 2273 }
1515846218445 - LTCETH: bid => { price: '0.176', size: 5864 }
1515846218445 - LTCETH: ask => { price: '0.187', size: 1315 }
1515846219759 - LTCETH: ask => { price: '0.185', size: 5218 }
1515846223822 - LTCETH: ask => { price: '0.184', size: 106 }
1515846223842 - LTCETH: bid => { price: '0.177', size: 1587 }
1515846223842 - LTCETH: ask => { price: '0.186', size: 1928 }
1515846223865 - LTCETH: bid => { price: '0.177', size: 1588 }
1515846223865 - LTCETH: ask => { price: '0.186', size: 1929 }
1515846224054 - LTCETH: bid => { price: '0.177', size: 1587 }
1515846224054 - LTCETH: ask => { price: '0.186', size: 1928 }
1515846227943 - LTCETH: bid => { price: '0.177', size: 1588 }
1515846227943 - LTCETH: ask => { price: '0.186', size: 1929 }
1515846228149 - LTCETH: bid => { price: '0.177', size: 1587 }
1515846228149 - LTCETH: ask => { price: '0.186', size: 1928 }
1515846228443 - LTCETH: bid => { price: '0.177', size: 1588 }
1515846228443 - LTCETH: ask => { price: '0.186', size: 1929 }
1515846228559 - LTCETH: bid => { price: '0.177', size: 1587 }
1515846228559 - LTCETH: ask => { price: '0.186', size: 1928 }
1515846229077 - LTCETH: bid => { price: '0.175', size: 3556 }
1515846229077 - LTCETH: ask => { price: '0.184', size: 251 }
1515846229638 - LTCETH: bid => { price: '0.177', size: 1588 }
1515846229638 - LTCETH: ask => { price: '0.186', size: 1929 }
1515846230749 - LTCETH: ask => { price: '0.184', size: 106 }
1515846231669 - LTCETH: bid => { price: '0.176', size: 1535 }
1515846233361 - LTCETH: ask => { price: '0.184', size: 251 }
1515846233699 - LTCETH: ask => { price: '0.184', size: 106 }
1515846235864 - LTCETH: bid => { price: '0.177', size: 793 }
1515846236250 - LTCETH: bid => { price: '0.180', size: 787 }
1515846236770 - LTCETH: bid => { price: '0.180', size: 752 }
1515846237371 - LTCETH: bid => { price: '0.177', size: 3148 }
1515846244849 - LTCETH: bid => { price: '0.178', size: 1146 }
1515846249353 - LTCETH: bid => { price: '0.177', size: 4465 }
1515846249353 - LTCETH: ask => { price: '0.186', size: 1928 }
1515846249750 - LTCETH: bid => { price: '0.177', size: 4467 }
1515846249750 - LTCETH: ask => { price: '0.186', size: 1929 }
1515846249943 - LTCETH: bid => { price: '0.176', size: 3509 }
1515846249943 - LTCETH: ask => { price: '0.187', size: 1316 }
1515846250561 - LTCETH: bid => { price: '0.177', size: 3148 }
1515846250561 - LTCETH: ask => { price: '0.187', size: 1315 }
1515846250581 - LTCETH: bid => { price: '0.176', size: 4828 }
1515846250581 - LTCETH: ask => { price: '0.187', size: 1316 }
1515846251357 - LTCETH: bid => { price: '0.176', size: 4827 }
1515846251357 - LTCETH: ask => { price: '0.187', size: 1315 }
1515846252047 - LTCETH: bid => { price: '0.176', size: 4828 }
1515846252047 - LTCETH: ask => { price: '0.187', size: 1316 }
1515846252433 - LTCETH: bid => { price: '0.176', size: 4827 }
1515846252433 - LTCETH: ask => { price: '0.187', size: 1315 }
1515846253755 - LTCETH: bid => { price: '0.177', size: 3147 }
1515846253755 - LTCETH: ask => { price: '0.186', size: 1928 }
1515846255070 - LTCETH: bid => { price: '0.176', size: 4824 }
1515846256058 - LTCETH: bid => { price: '0.180', size: 787 }
1515846256866 - LTCETH: bid => { price: '0.178', size: 351 }
1515846258167 - LTCETH: bid => { price: '0.180', size: 752 }
1515846258167 - LTCETH: ask => { price: '0.185', size: 4874 }
1515846260033 - LTCETH: ask => { price: '0.185', size: 5218 }
1515846264305 - LTCETH: bid => { price: '0.176', size: 4824 }
1515846264345 - LTCETH: bid => { price: '0.180', size: 787 }
1515846264688 - LTCETH: bid => { price: '0.176', size: 4825 }
1515846264698 - LTCETH: bid => { price: '0.176', size: 1534 }
1515846265852 - LTCETH: bid => { price: '0.176', size: 4825 }
1515846267247 - LTCETH: bid => { price: '0.180', size: 752 }
1515846267742 - LTCETH: bid => { price: '0.177', size: 3148 }
1515846267742 - LTCETH: ask => { price: '0.186', size: 1929 }
1515846268396 - LTCETH: bid => { price: '0.177', size: 3147 }
1515846268396 - LTCETH: ask => { price: '0.186', size: 1928 }
1515846268469 - LTCETH: bid => { price: '0.182', size: 2627 }
1515846269354 - LTCETH: bid => { price: '0.175', size: 3555 }
1515846270363 - LTCETH: bid => { price: '0.176', size: 4825 }
1515846271350 - LTCETH: bid => { price: '0.176', size: 4824 }
1515846272486 - LTCETH: bid => { price: '0.180', size: 787 }
1515846273343 - LTCETH: bid => { price: '0.177', size: 1587 }
1515846274244 - LTCETH: bid => { price: '0.176', size: 4825 }
1515846274556 - LTCETH: bid => { price: '0.176', size: 4824 }
1515846274851 - LTCETH: bid => { price: '0.176', size: 4825 }
1515846275572 - LTCETH: bid => { price: '0.180', size: 752 }
1515846275572 - LTCETH: ask => { price: '0.186', size: 1929 }
1515846276147 - LTCETH: bid => { price: '0.177', size: 2905 }
1515846276147 - LTCETH: ask => { price: '0.186', size: 1928 }
1515846276539 - LTCETH: ask => { price: '0.185', size: 4874 }
1515846277974 - LTCETH: bid => { price: '0.176', size: 5863 }
1515846278271 - LTCETH: bid => { price: '0.177', size: 2907 }
1515846278271 - LTCETH: ask => { price: '0.186', size: 2273 }
1515846278571 - LTCETH: bid => { price: '0.176', size: 5865 }
1515846278571 - LTCETH: ask => { price: '0.187', size: 1316 }
1515846279074 - LTCETH: bid => { price: '0.176', size: 5864 }
1515846279074 - LTCETH: ask => { price: '0.187', size: 1315 }
1515846279163 - LTCETH: bid => { price: '0.177', size: 2905 }
1515846279163 - LTCETH: ask => { price: '0.186', size: 2272 }
1515846279567 - LTCETH: bid => { price: '0.176', size: 5862 }
1515846284051 - LTCETH: bid => { price: '0.180', size: 787 }
1515846284280 - LTCETH: bid => { price: '0.176', size: 5862 }
1515846284385 - LTCETH: bid => { price: '0.176', size: 5863 }
1515846284749 - LTCETH: bid => { price: '0.176', size: 5862 }
1515846285094 - LTCETH: bid => { price: '0.180', size: 752 }
1515846286047 - LTCETH: bid => { price: '0.178', size: 1139 }
1515846286047 - LTCETH: ask => { price: '0.186', size: 2273 }
1515846287374 - LTCETH: bid => { price: '0.178', size: 351 }
1515846287374 - LTCETH: ask => { price: '0.186', size: 2272 }
1515846289261 - LTCETH: bid => { price: '0.180', size: 787 }
1515846289771 - LTCETH: bid => { price: '0.180', size: 752 }
1515846289771 - LTCETH: ask => { price: '0.186', size: 2273 }
1515846290057 - LTCETH: bid => { price: '0.177', size: 2905 }
1515846290057 - LTCETH: ask => { price: '0.186', size: 2272 }
1515846290240 - LTCETH: bid => { price: '0.177', size: 2907 }
1515846290240 - LTCETH: ask => { price: '0.186', size: 2273 }
1515846290458 - LTCETH: bid => { price: '0.177', size: 2905 }
1515846290458 - LTCETH: ask => { price: '0.186', size: 2272 }
1515846291749 - LTCETH: bid => { price: '0.178', size: 1139 }
1515846291749 - LTCETH: ask => { price: '0.186', size: 2273 }
1515846291862 - LTCETH: bid => { price: '0.178', size: 351 }
1515846291862 - LTCETH: ask => { price: '0.186', size: 2272 }
1515846292843 - LTCETH: bid => { price: '0.180', size: 787 }
1515846293263 - LTCETH: bid => { price: '0.177', size: 2907 }
1515846293263 - LTCETH: ask => { price: '0.186', size: 2273 }
1515846293358 - LTCETH: bid => { price: '0.180', size: 752 }
1515846293358 - LTCETH: ask => { price: '0.185', size: 5218 }
1515846294463 - LTCETH: bid => { price: '0.180', size: 787 }
1515846296475 - LTCETH: bid => { price: '0.177', size: 2112 }
1515846297657 - LTCETH: ask => { price: '0.185', size: 4874 }
1515846299834 - LTCETH: bid => { price: '0.176', size: 5865 }
1515846299834 - LTCETH: ask => { price: '0.187', size: 1316 }
1515846304211 - LTCETH: bid => { price: '0.180', size: 752 }
1515846305343 - LTCETH: bid => { price: '0.178', size: 1146 }
1515846309776 - LTCETH: ask => { price: '0.187', size: 1315 }
1515846309883 - LTCETH: bid => { price: '0.176', size: 5864 }
1515846310073 - LTCETH: bid => { price: '0.180', size: 787 }
1515846310569 - LTCETH: ask => { price: '0.209', size: 200 }
1515846311065 - LTCETH: bid => { price: '0.179', size: 502 }
1515846311851 - LTCETH: ask => { price: '0.184', size: 77 }
1515846312153 - LTCETH: bid => { price: '0.176', size: 3508 }
1515846313968 - LTCETH: bid => { price: '0.182', size: 2613 }
1515846314274 - LTCETH: bid => { price: '0.183', size: 14 }
1515846314371 - LTCETH: bid => { price: '0.183', size: 3 }
1515846314552 - LTCETH: ask => { price: '0.183', size: 7 }
1515846316046 - LTCETH: bid => { price: '0.181', size: 492 }
1515846317555 - LTCETH: bid => { price: '0.178', size: 1583 }
1515846317555 - LTCETH: ask => { price: '0.186', size: 1555 }
1515846318136 - LTCETH: bid => { price: '0.176', size: 3506 }
1515846318265 - LTCETH: bid => { price: '0.177', size: 3678 }
1515846318376 - LTCETH: bid => { price: '0.176', size: 3507 }
1515846323016 - LTCETH: bid => { price: '0.178', size: 1584 }
1515846323016 - LTCETH: ask => { price: '0.187', size: 2033 }
1515846323084 - LTCETH: bid => { price: '0.181', size: 616 }
1515846327183 - LTCETH: bid => { price: '0.178', size: 789 }
1515846329170 - LTCETH: ask => { price: '0.209', size: 202 }
1515846338083 - LTCETH: bid => { price: '0.178', size: 1584 }
1515846343731 - LTCETH: bid => { price: '0.182', size: 1776 }
1515846343785 - LTCETH: bid => { price: '0.182', size: 1746 }
1515846351771 - LTCETH: bid => { price: '0.177', size: 1324 }
1515846355782 - LTCETH: bid => { price: '0.179', size: 152 }
1515846357362 - LTCETH: bid => { price: '0.182', size: 2450 }
1515846357671 - LTCETH: bid => { price: '0.178', size: 1139 }
1515846357794 - LTCETH: bid => { price: '0.176', size: 5865 }
1515846358938 - LTCETH: bid => { price: '0.179', size: 502 }
1515846364239 - LTCETH: bid => { price: '0.178', size: 788 }
1515846364239 - LTCETH: ask => { price: '0.186', size: 2272 }
1515846364287 - LTCETH: bid => { price: '0.178', size: 789 }
1515846364287 - LTCETH: ask => { price: '0.186', size: 2273 }
1515846364861 - LTCETH: bid => { price: '0.179', size: 152 }
1515846365357 - LTCETH: bid => { price: '0.178', size: 1138 }
1515846365357 - LTCETH: ask => { price: '0.186', size: 2272 }
1515846365569 - LTCETH: bid => { price: '0.178', size: 1139 }
1515846365569 - LTCETH: ask => { price: '0.186', size: 2273 }
1515846365946 - LTCETH: bid => { price: '0.177', size: 2119 }
1515846366753 - LTCETH: bid => { price: '0.179', size: 502 }
1515846368456 - LTCETH: bid => { price: '0.179', size: 152 }
1515846374908 - LTCETH: ask => { price: '0.184', size: 106 }
1515846376253 - LTCETH: bid => { price: '0.179', size: 502 }
1515846376751 - LTCETH: bid => { price: '0.179', size: 152 }
1515846377858 - LTCETH: bid => { price: '0.182', size: 2150 }
1515846383388 - LTCETH: bid => { price: '0.176', size: 5866 }
1515846383388 - LTCETH: ask => { price: '0.187', size: 1316 }
1515846383439 - LTCETH: bid => { price: '0.176', size: 5865 }
1515846383439 - LTCETH: ask => { price: '0.187', size: 1315 }
1515846383442 - LTCETH: bid => { price: '0.176', size: 5866 }
1515846383442 - LTCETH: ask => { price: '0.187', size: 1316 }
1515846383508 - LTCETH: bid => { price: '0.176', size: 5865 }
1515846383508 - LTCETH: ask => { price: '0.187', size: 1315 }
1515846383857 - LTCETH: bid => { price: '0.176', size: 5866 }
1515846383857 - LTCETH: ask => { price: '0.187', size: 1316 }
1515846385188 - LTCETH: bid => { price: '0.176', size: 5865 }
1515846385188 - LTCETH: ask => { price: '0.187', size: 1315 }
1515846385878 - LTCETH: bid => { price: '0.178', size: 1138 }
1515846385878 - LTCETH: ask => { price: '0.186', size: 2272 }
1515846385959 - LTCETH: bid => { price: '0.178', size: 1139 }
1515846385959 - LTCETH: ask => { price: '0.186', size: 2273 }
1515846386042 - LTCETH: bid => { price: '0.178', size: 1138 }
1515846386042 - LTCETH: ask => { price: '0.186', size: 2272 }
1515846386459 - LTCETH: bid => { price: '0.178', size: 1139 }
1515846386459 - LTCETH: ask => { price: '0.186', size: 2273 }
1515846386656 - LTCETH: bid => { price: '0.178', size: 1138 }
1515846386656 - LTCETH: ask => { price: '0.184', size: 77 }
1515846386738 - LTCETH: bid => { price: '0.177', size: 1323 }
1515846388754 - LTCETH: bid => { price: '0.180', size: 752 }
1515846388754 - LTCETH: ask => { price: '0.186', size: 2273 }
1515846388850 - LTCETH: bid => { price: '0.177', size: 792 }
1515846388850 - LTCETH: ask => { price: '0.186', size: 2272 }
1515846389262 - LTCETH: bid => { price: '0.176', size: 7181 }
1515846389360 - LTCETH: bid => { price: '0.176', size: 7182 }
1515846390862 - LTCETH: bid => { price: '0.180', size: 787 }
1515846391073 - LTCETH: bid => { price: '0.176', size: 7181 }
1515846391162 - LTCETH: bid => { price: '0.176', size: 7182 }
1515846391264 - LTCETH: ask => { price: '0.184', size: 377 }
1515846391436 - LTCETH: bid => { price: '0.176', size: 7181 }
1515846391651 - LTCETH: bid => { price: '0.176', size: 4824 }
1515846391750 - LTCETH: bid => { price: '0.176', size: 4825 }
1515846394653 - LTCETH: bid => { price: '0.177', size: 1587 }
1515846394984 - LTCETH: ask => { price: '0.184', size: 406 }
1515846395135 - LTCETH: ask => { price: '0.184', size: 377 }
1515846395436 - LTCETH: bid => { price: '0.176', size: 4824 }
1515846395955 - LTCETH: bid => { price: '0.176', size: 4825 }
1515846396159 - LTCETH: bid => { price: '0.176', size: 4824 }
1515846403507 - LTCETH: bid => { price: '0.176', size: 7180 }
1515846405252 - LTCETH: ask => { price: '0.184', size: 406 }
1515846407160 - LTCETH: bid => { price: '0.176', size: 3890 }
1515846407273 - LTCETH: bid => { price: '0.175', size: 3555 }
1515846407473 - LTCETH: bid => { price: '0.180', size: 752 }
1515846407648 - LTCETH: bid => { price: '0.177', size: 2907 }
1515846407648 - LTCETH: ask => { price: '0.186', size: 2273 }
1515846407773 - LTCETH: bid => { price: '0.175', size: 3558 }
1515846407773 - LTCETH: ask => { price: '0.187', size: 1316 }
1515846407834 - LTCETH: bid => { price: '0.175', size: 3557 }
1515846407834 - LTCETH: ask => { price: '0.187', size: 1315 }
1515846407945 - LTCETH: bid => { price: '0.175', size: 3558 }
1515846407945 - LTCETH: ask => { price: '0.187', size: 1316 }
1515846408156 - LTCETH: bid => { price: '0.175', size: 3557 }
1515846408156 - LTCETH: ask => { price: '0.187', size: 1315 }
1515846408268 - LTCETH: bid => { price: '0.175', size: 3558 }
1515846408268 - LTCETH: ask => { price: '0.187', size: 1316 }
1515846408457 - LTCETH: bid => { price: '0.175', size: 3557 }
1515846408457 - LTCETH: ask => { price: '0.187', size: 1315 }
1515846408551 - LTCETH: bid => { price: '0.177', size: 2908 }
1515846408551 - LTCETH: ask => { price: '0.185', size: 4875 }
1515846409360 - LTCETH: bid => { price: '0.177', size: 2907 }
1515846409360 - LTCETH: ask => { price: '0.185', size: 4874 }
1515846409444 - LTCETH: bid => { price: '0.177', size: 2908 }
1515846409444 - LTCETH: ask => { price: '0.185', size: 4875 }
1515846409542 - LTCETH: bid => { price: '0.177', size: 2907 }
1515846409542 - LTCETH: ask => { price: '0.185', size: 4874 }
1515846411434 - LTCETH: bid => { price: '0.175', size: 3557 }
1515846411434 - LTCETH: ask => { price: '0.187', size: 1315 }
1515846412553 - LTCETH: bid => { price: '0.177', size: 2905 }
1515846412553 - LTCETH: ask => { price: '0.186', size: 2272 }
1515846412776 - LTCETH: bid => { price: '0.177', size: 2907 }
1515846412776 - LTCETH: ask => { price: '0.186', size: 2273 }
1515846412837 - LTCETH: bid => { price: '0.175', size: 3558 }
1515846412837 - LTCETH: ask => { price: '0.187', size: 1316 }
1515846412935 - LTCETH: bid => { price: '0.175', size: 3557 }
1515846412935 - LTCETH: ask => { price: '0.187', size: 1315 }
1515846413104 - LTCETH: bid => { price: '0.177', size: 2905 }
1515846413104 - LTCETH: ask => { price: '0.186', size: 2272 }
1515846413443 - LTCETH: bid => { price: '0.177', size: 2907 }
1515846413443 - LTCETH: ask => { price: '0.186', size: 2273 }
1515846413544 - LTCETH: bid => { price: '0.177', size: 2905 }
1515846413544 - LTCETH: ask => { price: '0.186', size: 2272 }
1515846413659 - LTCETH: bid => { price: '0.177', size: 2907 }
1515846413659 - LTCETH: ask => { price: '0.186', size: 2273 }
1515846414885 - LTCETH: bid => { price: '0.182', size: 2143 }
1515846414952 - LTCETH: bid => { price: '0.182', size: 1973 }
1515846415136 - LTCETH: ask => { price: '0.183', size: 100 }
1515846415757 - LTCETH: ask => { price: '0.183', size: 100 }
1515846416759 - LTCETH: bid => { price: '0.181', size: 492 }
1515846417055 - LTCETH: ask => { price: '0.185', size: 5218 }
1515846417471 - LTCETH: bid => { price: '0.182', size: 1888 }
1515846417533 - LTCETH: bid => { price: '0.181', size: 577 }
1515846418096 - LTCETH: ask => { price: '0.185', size: 4874 }
1515846418550 - LTCETH: bid => { price: '0.176', size: 2572 }
1515846418550 - LTCETH: ask => { price: '0.187', size: 1316 }
1515846418653 - LTCETH: bid => { price: '0.177', size: 2113 }
1515846418653 - LTCETH: ask => { price: '0.185', size: 4875 }
1515846418738 - LTCETH: bid => { price: '0.176', size: 5867 }
1515846418738 - LTCETH: ask => { price: '0.183', size: 10 }
1515846418849 - LTCETH: ask => { price: '0.183', size: 57 }
1515846418948 - LTCETH: bid => { price: '0.176', size: 5866 }
1515846418948 - LTCETH: ask => { price: '0.183', size: 64 }
1515846419150 - LTCETH: bid => { price: '0.176', size: 5867 }
1515846419150 - LTCETH: ask => { price: '0.185', size: 5219 }
1515846419278 - LTCETH: bid => { price: '0.177', size: 2114 }
1515846419278 - LTCETH: ask => { price: '0.187', size: 1317 }
1515846419344 - LTCETH: bid => { price: '0.177', size: 2113 }
1515846419344 - LTCETH: ask => { price: '0.183', size: 100 }
1515846419453 - LTCETH: bid => { price: '0.177', size: 2114 }
1515846419453 - LTCETH: ask => { price: '0.185', size: 4875 }
1515846419554 - LTCETH: ask => { price: '0.183', size: 64 }
1515846419658 - LTCETH: ask => { price: '0.183', size: 100 }
1515846419772 - LTCETH: ask => { price: '0.183', size: 64 }
1515846420027 - LTCETH: bid => { price: '0.177', size: 2113 }
1515846420027 - LTCETH: ask => { price: '0.183', size: 100 }
1515846423976 - LTCETH: ask => { price: '0.185', size: 5219 }
1515846424057 - LTCETH: ask => { price: '0.185', size: 4875 }
1515846424175 - LTCETH: bid => { price: '0.177', size: 2112 }
1515846424175 - LTCETH: ask => { price: '0.185', size: 4874 }
1515846424276 - LTCETH: bid => { price: '0.176', size: 5865 }
1515846424276 - LTCETH: ask => { price: '0.187', size: 1316 }
1515846424316 - LTCETH: ask => { price: '0.185', size: 5218 }
1515846424444 - LTCETH: bid => { price: '0.177', size: 793 }
1515846424444 - LTCETH: ask => { price: '0.185', size: 5219 }
1515846424734 - LTCETH: bid => { price: '0.177', size: 1588 }
1515846424839 - LTCETH: bid => { price: '0.176', size: 7184 }
1515846424839 - LTCETH: ask => { price: '0.185', size: 4874 }
1515846425140 - LTCETH: bid => { price: '0.176', size: 7183 }
1515846425140 - LTCETH: ask => { price: '0.187', size: 1315 }
1515846425234 - LTCETH: bid => { price: '0.176', size: 7184 }
1515846425234 - LTCETH: ask => { price: '0.187', size: 1316 }
1515846425552 - LTCETH: bid => { price: '0.176', size: 7187 }
1515846425552 - LTCETH: ask => { price: '0.185', size: 4875 }
1515846425634 - LTCETH: bid => { price: '0.176', size: 7184 }
1515846425634 - LTCETH: ask => { price: '0.185', size: 4874 }
1515846425956 - LTCETH: bid => { price: '0.176', size: 7186 }
1515846425956 - LTCETH: ask => { price: '0.185', size: 4875 }
1515846426052 - LTCETH: ask => { price: '0.183', size: 56 }
1515846426152 - LTCETH: bid => { price: '0.176', size: 7187 }
1515846426152 - LTCETH: ask => { price: '0.183', size: 54 }
1515846426234 - LTCETH: bid => { price: '0.176', size: 7186 }
1515846426234 - LTCETH: ask => { price: '0.183', size: 82 }
1515846426363 - LTCETH: ask => { price: '0.183', size: 54 }
1515846426465 - LTCETH: bid => { price: '0.176', size: 7184 }
1515846426465 - LTCETH: ask => { price: '0.183', size: 46 }
1515846426642 - LTCETH: ask => { price: '0.183', size: 98 }
1515846426670 - LTCETH: ask => { price: '0.183', size: 70 }
1515846426766 - LTCETH: ask => { price: '0.183', size: 100 }
1515846426841 - LTCETH: ask => { price: '0.185', size: 5218 }
1515846427273 - LTCETH: ask => { price: '0.183', size: 70 }
1515846427364 - LTCETH: ask => { price: '0.183', size: 100 }
1515846427647 - LTCETH: ask => { price: '0.183', size: 94 }
1515846427745 - LTCETH: ask => { price: '0.185', size: 4874 }
1515846428243 - LTCETH: ask => { price: '0.183', size: 46 }
1515846428464 - LTCETH: ask => { price: '0.183', size: 100 }
1515846428552 - LTCETH: ask => { price: '0.183', size: 84 }
1515846428654 - LTCETH: ask => { price: '0.183', size: 94 }
1515846428887 - LTCETH: ask => { price: '0.183', size: 60 }
1515846428997 - LTCETH: ask => { price: '0.183', size: 70 }
1515846429074 - LTCETH: bid => { price: '0.177', size: 2905 }
1515846429074 - LTCETH: ask => { price: '0.183', size: 100 }
1515846429160 - LTCETH: bid => { price: '0.177', size: 2907 }
1515846429160 - LTCETH: ask => { price: '0.186', size: 2273 }
1515846429257 - LTCETH: bid => { price: '0.177', size: 2905 }
1515846429257 - LTCETH: ask => { price: '0.186', size: 2272 }
1515846429351 - LTCETH: bid => { price: '0.182', size: 1772 }
1515846429351 - LTCETH: ask => { price: '0.186', size: 2273 }
1515846429437 - LTCETH: bid => { price: '0.176', size: 5863 }
1515846429437 - LTCETH: ask => { price: '0.186', size: 2272 }
1515846429561 - LTCETH: bid => { price: '0.177', size: 2907 }
1515846429561 - LTCETH: ask => { price: '0.186', size: 2273 }
1515846429668 - LTCETH: bid => { price: '0.177', size: 2905 }
1515846429668 - LTCETH: ask => { price: '0.186', size: 2272 }
1515846429749 - LTCETH: bid => { price: '0.176', size: 5864 }
1515846429749 - LTCETH: ask => { price: '0.185', size: 5218 }
1515846429862 - LTCETH: bid => { price: '0.177', size: 2907 }
1515846429966 - LTCETH: ask => { price: '0.184', size: 583 }
1515846430051 - LTCETH: ask => { price: '0.183', size: 24 }
1515846430136 - LTCETH: bid => { price: '0.177', size: 2905 }
1515846430136 - LTCETH: ask => { price: '0.183', size: 40 }
1515846430241 - LTCETH: ask => { price: '0.183', size: 100 }
1515846430378 - LTCETH: bid => { price: '0.177', size: 2907 }
1515846430378 - LTCETH: ask => { price: '0.186', size: 2273 }
1515846430460 - LTCETH: bid => { price: '0.176', size: 3508 }
1515846430753 - LTCETH: bid => { price: '0.177', size: 2905 }
1515846430753 - LTCETH: ask => { price: '0.186', size: 2272 }
1515846430833 - LTCETH: ask => { price: '0.188', size: 3530 }
1515846430953 - LTCETH: bid => { price: '0.177', size: 2907 }
1515846430953 - LTCETH: ask => { price: '0.186', size: 2273 }
1515846431045 - LTCETH: bid => { price: '0.177', size: 2905 }
1515846431045 - LTCETH: ask => { price: '0.186', size: 2272 }
1515846431157 - LTCETH: bid => { price: '0.177', size: 2907 }
1515846431157 - LTCETH: ask => { price: '0.185', size: 5218 }
1515846431255 - LTCETH: bid => { price: '0.177', size: 2905 }
1515846431255 - LTCETH: ask => { price: '0.186', size: 1928 }
1515846431350 - LTCETH: bid => { price: '0.177', size: 2907 }
1515846431350 - LTCETH: ask => { price: '0.186', size: 1929 }
1515846431447 - LTCETH: bid => { price: '0.177', size: 2905 }
1515846431447 - LTCETH: ask => { price: '0.186', size: 1928 }
1515846431546 - LTCETH: bid => { price: '0.177', size: 2907 }
1515846431546 - LTCETH: ask => { price: '0.186', size: 1929 }
1515846431645 - LTCETH: bid => { price: '0.177', size: 2905 }
1515846431645 - LTCETH: ask => { price: '0.186', size: 1928 }
1515846431749 - LTCETH: bid => { price: '0.177', size: 2907 }
1515846431749 - LTCETH: ask => { price: '0.186', size: 1929 }
1515846431870 - LTCETH: bid => { price: '0.177', size: 2905 }
1515846431870 - LTCETH: ask => { price: '0.186', size: 1928 }
1515846431954 - LTCETH: bid => { price: '0.177', size: 2907 }
1515846431954 - LTCETH: ask => { price: '0.186', size: 1929 }
1515846432050 - LTCETH: bid => { price: '0.177', size: 2905 }
1515846432050 - LTCETH: ask => { price: '0.186', size: 1928 }
1515846432364 - LTCETH: bid => { price: '0.177', size: 2907 }
1515846432364 - LTCETH: ask => { price: '0.186', size: 1929 }
1515846432477 - LTCETH: bid => { price: '0.177', size: 2905 }
1515846432477 - LTCETH: ask => { price: '0.186', size: 1928 }
1515846432568 - LTCETH: bid => { price: '0.182', size: 1107 }
1515846432568 - LTCETH: ask => { price: '0.183', size: 24 }
1515846432665 - LTCETH: bid => { price: '0.177', size: 2905 }
1515846432665 - LTCETH: ask => { price: '0.186', size: 2272 }
1515846432770 - LTCETH: bid => { price: '0.177', size: 2907 }
1515846432770 - LTCETH: ask => { price: '0.186', size: 2273 }
1515846432848 - LTCETH: bid => { price: '0.177', size: 2905 }
1515846432848 - LTCETH: ask => { price: '0.186', size: 2272 }
1515846432982 - LTCETH: bid => { price: '0.177', size: 2907 }
1515846432982 - LTCETH: ask => { price: '0.186', size: 2273 }
1515846433072 - LTCETH: bid => { price: '0.176', size: 3507 }
1515846433072 - LTCETH: ask => { price: '0.186', size: 2272 }
1515846433183 - LTCETH: bid => { price: '0.177', size: 2905 }
1515846433268 - LTCETH: bid => { price: '0.177', size: 2907 }
1515846433268 - LTCETH: ask => { price: '0.186', size: 2273 }
1515846433360 - LTCETH: bid => { price: '0.177', size: 2905 }
1515846433360 - LTCETH: ask => { price: '0.186', size: 2272 }
1515846433449 - LTCETH: bid => { price: '0.177', size: 2907 }
1515846433449 - LTCETH: ask => { price: '0.186', size: 2273 }
1515846433744 - LTCETH: bid => { price: '0.176', size: 3509 }
1515846433744 - LTCETH: ask => { price: '0.187', size: 1316 }
1515846433845 - LTCETH: bid => { price: '0.177', size: 2905 }
1515846433845 - LTCETH: ask => { price: '0.186', size: 2272 }
1515846433963 - LTCETH: bid => { price: '0.177', size: 2907 }
1515846433963 - LTCETH: ask => { price: '0.186', size: 2273 }
1515846434082 - LTCETH: bid => { price: '0.176', size: 3508 }
1515846434082 - LTCETH: ask => { price: '0.187', size: 1315 }
1515846434200 - LTCETH: bid => { price: '0.177', size: 2905 }
1515846434200 - LTCETH: ask => { price: '0.186', size: 2272 }
1515846434292 - LTCETH: bid => { price: '0.177', size: 2907 }
1515846434292 - LTCETH: ask => { price: '0.186', size: 2273 }
1515846434463 - LTCETH: bid => { price: '0.177', size: 2905 }
1515846434463 - LTCETH: ask => { price: '0.186', size: 2272 }
1515846434541 - LTCETH: bid => { price: '0.177', size: 2907 }
1515846434541 - LTCETH: ask => { price: '0.186', size: 2273 }
1515846434642 - LTCETH: ask => { price: '0.183', size: 40 }
1515846435241 - LTCETH: bid => { price: '0.177', size: 2905 }
1515846435241 - LTCETH: ask => { price: '0.186', size: 2272 }
1515846435450 - LTCETH: ask => { price: '0.183', size: 100 }
1515846435644 - LTCETH: bid => { price: '0.177', size: 2907 }
1515846435644 - LTCETH: ask => { price: '0.186', size: 2273 }
1515846435793 - LTCETH: bid => { price: '0.176', size: 3509 }
1515846435793 - LTCETH: ask => { price: '0.187', size: 1316 }
1515846435861 - LTCETH: bid => { price: '0.177', size: 2908 }
1515846435861 - LTCETH: ask => { price: '0.183', size: 40 }
1515846435975 - LTCETH: bid => { price: '0.176', size: 3511 }
1515846435975 - LTCETH: ask => { price: '0.188', size: 3534 }
1515846436265 - LTCETH: bid => { price: '0.176', size: 3510 }
1515846436265 - LTCETH: ask => { price: '0.188', size: 3533 }
1515846436357 - LTCETH: bid => { price: '0.177', size: 2907 }
1515846436357 - LTCETH: ask => { price: '0.185', size: 4874 }
1515846436455 - LTCETH: ask => { price: '0.183', size: 100 }
1515846436570 - LTCETH: bid => { price: '0.177', size: 2905 }
1515846436570 - LTCETH: ask => { price: '0.186', size: 2272 }
1515846436697 - LTCETH: bid => { price: '0.177', size: 2907 }
1515846436697 - LTCETH: ask => { price: '0.186', size: 2273 }
1515846436763 - LTCETH: ask => { price: '0.185', size: 5218 }
1515846436861 - LTCETH: bid => { price: '0.177', size: 1588 }
1515846436861 - LTCETH: ask => { price: '0.185', size: 5219 }
1515846436967 - LTCETH: bid => { price: '0.176', size: 1535 }
1515846436967 - LTCETH: ask => { price: '0.185', size: 5218 }
1515846437255 - LTCETH: bid => { price: '0.176', size: 1536 }
1515846437255 - LTCETH: ask => { price: '0.185', size: 5219 }
1515846437349 - LTCETH: bid => { price: '0.176', size: 1535 }
1515846437349 - LTCETH: ask => { price: '0.185', size: 5218 }
1515846437469 - LTCETH: bid => { price: '0.176', size: 4830 }
1515846437469 - LTCETH: ask => { price: '0.185', size: 5219 }
1515846437570 - LTCETH: bid => { price: '0.176', size: 4828 }
1515846437570 - LTCETH: ask => { price: '0.185', size: 5218 }
1515846438161 - LTCETH: bid => { price: '0.176', size: 4830 }
1515846438161 - LTCETH: ask => { price: '0.185', size: 5219 }
1515846438238 - LTCETH: bid => { price: '0.176', size: 4828 }
1515846438238 - LTCETH: ask => { price: '0.185', size: 5218 }
1515846438350 - LTCETH: bid => { price: '0.176', size: 1535 }
1515846438456 - LTCETH: bid => { price: '0.176', size: 1536 }
1515846438456 - LTCETH: ask => { price: '0.185', size: 5219 }
1515846438567 - LTCETH: bid => { price: '0.176', size: 4828 }
1515846438567 - LTCETH: ask => { price: '0.185', size: 5218 }
1515846439655 - LTCETH: bid => { price: '0.176', size: 1535 }
1515846439655 - LTCETH: ask => { price: '0.183', size: 113 }
1515846439790 - LTCETH: bid => { price: '0.182', size: 1120 }
1515846439790 - LTCETH: ask => { price: '0.187', size: 1316 }
1515846444244 - LTCETH: ask => { price: '0.184', size: 852 }
1515846444359 - LTCETH: bid => { price: '0.182', size: 1130 }
1515846444359 - LTCETH: ask => { price: '0.183', size: 123 }
1515846444551 - LTCETH: ask => { price: '0.183', size: 129 }
1515846444558 - LTCETH: bid => { price: '0.182', size: 1136 }
1515846445364 - LTCETH: ask => { price: '0.183', size: 147 }
1515846445469 - LTCETH: bid => { price: '0.182', size: 1154 }
1515846446975 - LTCETH: ask => { price: '0.183', size: 166 }
1515846447055 - LTCETH: bid => { price: '0.182', size: 1173 }
1515846447252 - LTCETH: bid => { price: '0.177', size: 3147 }
1515846448254 - LTCETH: bid => { price: '0.176', size: 4827 }
1515846448254 - LTCETH: ask => { price: '0.187', size: 1315 }
1515846448410 - LTCETH: bid => { price: '0.177', size: 4464 }
1515846448410 - LTCETH: ask => { price: '0.186', size: 1928 }
1515846448544 - LTCETH: bid => { price: '0.177', size: 4466 }
1515846448544 - LTCETH: ask => { price: '0.186', size: 1929 }
1515846448646 - LTCETH: bid => { price: '0.177', size: 4464 }
1515846448646 - LTCETH: ask => { price: '0.183', size: 180 }
1515846448737 - LTCETH: bid => { price: '0.182', size: 1187 }
1515846448850 - LTCETH: bid => { price: '0.177', size: 4466 }
1515846448850 - LTCETH: ask => { price: '0.186', size: 1929 }
1515846448973 - LTCETH: bid => { price: '0.177', size: 4464 }
1515846448973 - LTCETH: ask => { price: '0.186', size: 1928 }
1515846449272 - LTCETH: bid => { price: '0.177', size: 4466 }
1515846449272 - LTCETH: ask => { price: '0.186', size: 1929 }
1515846449579 - LTCETH: bid => { price: '0.176', size: 3509 }
1515846449579 - LTCETH: ask => { price: '0.187', size: 1316 }
1515846449771 - LTCETH: bid => { price: '0.176', size: 3508 }
1515846449771 - LTCETH: ask => { price: '0.187', size: 1315 }
1515846449864 - LTCETH: bid => { price: '0.176', size: 3509 }
1515846449864 - LTCETH: ask => { price: '0.187', size: 1316 }
1515846449953 - LTCETH: bid => { price: '0.176', size: 3508 }
1515846449953 - LTCETH: ask => { price: '0.187', size: 1315 }
1515846450050 - LTCETH: bid => { price: '0.176', size: 3509 }
1515846450050 - LTCETH: ask => { price: '0.187', size: 1316 }
1515846450331 - LTCETH: bid => { price: '0.182', size: 1194 }
1515846450331 - LTCETH: ask => { price: '0.183', size: 187 }
1515846450861 - LTCETH: bid => { price: '0.176', size: 3508 }
1515846450861 - LTCETH: ask => { price: '0.187', size: 1315 }
1515846451967 - LTCETH: bid => { price: '0.176', size: 3509 }
1515846451967 - LTCETH: ask => { price: '0.183', size: 199 }
1515846452159 - LTCETH: bid => { price: '0.182', size: 1206 }
1515846452354 - LTCETH: bid => { price: '0.177', size: 3147 }
1515846452861 - LTCETH: bid => { price: '0.176', size: 1536 }
1515846452861 - LTCETH: ask => { price: '0.185', size: 5219 }
1515846452960 - LTCETH: bid => { price: '0.176', size: 1535 }
1515846452960 - LTCETH: ask => { price: '0.185', size: 5218 }
1515846453553 - LTCETH: bid => { price: '0.176', size: 4827 }
1515846453553 - LTCETH: ask => { price: '0.187', size: 1315 }
1515846453738 - LTCETH: ask => { price: '0.183', size: 212 }
1515846453842 - LTCETH: bid => { price: '0.182', size: 1219 }
1515846453842 - LTCETH: ask => { price: '0.187', size: 1316 }
1515846454481 - LTCETH: bid => { price: '0.178', size: 1146 }
1515846455276 - LTCETH: bid => { price: '0.176', size: 4827 }
1515846455276 - LTCETH: ask => { price: '0.187', size: 1315 }
1515846455359 - LTCETH: bid => { price: '0.176', size: 4828 }
1515846455359 - LTCETH: ask => { price: '0.187', size: 1316 }
1515846455458 - LTCETH: bid => { price: '0.176', size: 4827 }
1515846455458 - LTCETH: ask => { price: '0.183', size: 222 }
1515846455556 - LTCETH: bid => { price: '0.182', size: 1229 }
1515846455798 - LTCETH: bid => { price: '0.176', size: 4828 }
1515846455798 - LTCETH: ask => { price: '0.187', size: 1316 }
1515846456260 - LTCETH: bid => { price: '0.176', size: 4827 }
1515846456260 - LTCETH: ask => { price: '0.187', size: 1315 }
1515846456346 - LTCETH: bid => { price: '0.177', size: 4466 }
1515846456555 - LTCETH: bid => { price: '0.177', size: 4464 }
1515846456555 - LTCETH: ask => { price: '0.186', size: 1928 }
1515846456867 - LTCETH: bid => { price: '0.177', size: 4466 }
1515846456867 - LTCETH: ask => { price: '0.186', size: 1929 }
1515846457044 - LTCETH: bid => { price: '0.177', size: 4464 }
1515846457044 - LTCETH: ask => { price: '0.186', size: 1928 }
1515846457555 - LTCETH: bid => { price: '0.177', size: 4466 }
1515846457555 - LTCETH: ask => { price: '0.183', size: 240 }
1515846457656 - LTCETH: bid => { price: '0.182', size: 1247 }
1515846457656 - LTCETH: ask => { price: '0.187', size: 1316 }
1515846459239 - LTCETH: bid => { price: '0.177', size: 3147 }
1515846459257 - LTCETH: ask => { price: '0.183', size: 247 }
1515846459371 - LTCETH: bid => { price: '0.182', size: 1254 }
1515846459459 - LTCETH: ask => { price: '0.183', size: 239 }
1515846459545 - LTCETH: bid => { price: '0.176', size: 4827 }
1515846459545 - LTCETH: ask => { price: '0.183', size: 247 }
1515846459741 - LTCETH: bid => { price: '0.176', size: 4828 }
1515846459741 - LTCETH: ask => { price: '0.187', size: 1316 }
1515846459957 - LTCETH: bid => { price: '0.176', size: 4827 }
1515846459957 - LTCETH: ask => { price: '0.187', size: 1315 }
1515846464272 - LTCETH: bid => { price: '0.176', size: 4828 }
1515846464272 - LTCETH: ask => { price: '0.187', size: 1316 }
1515846464413 - LTCETH: ask => { price: '0.183', size: 256 }
1515846464449 - LTCETH: bid => { price: '0.182', size: 1263 }
1515846464715 - LTCETH: ask => { price: '0.183', size: 270 }
1515846464737 - LTCETH: bid => { price: '0.182', size: 1277 }
1515846464983 - LTCETH: ask => { price: '0.183', size: 284 }
1515846465038 - LTCETH: bid => { price: '0.182', size: 1291 }
1515846465038 - LTCETH: ask => { price: '0.187', size: 1315 }
1515846465654 - LTCETH: ask => { price: '0.183', size: 214 }
1515846465963 - LTCETH: ask => { price: '0.183', size: 284 }
1515846466160 - LTCETH: ask => { price: '0.183', size: 247 }
1515846466273 - LTCETH: ask => { price: '0.183', size: 184 }
1515846466332 - LTCETH: ask => { price: '0.183', size: 284 }
1515846466662 - LTCETH: ask => { price: '0.183', size: 291 }
1515846466774 - LTCETH: bid => { price: '0.182', size: 1298 }
1515846468356 - LTCETH: ask => { price: '0.183', size: 308 }
1515846468488 - LTCETH: bid => { price: '0.182', size: 1315 }
1515846468752 - LTCETH: bid => { price: '0.176', size: 4828 }
1515846468752 - LTCETH: ask => { price: '0.187', size: 1316 }
1515846468862 - LTCETH: bid => { price: '0.176', size: 4830 }
1515846468862 - LTCETH: ask => { price: '0.185', size: 5219 }
1515846469038 - LTCETH: bid => { price: '0.176', size: 4827 }
1515846469038 - LTCETH: ask => { price: '0.185', size: 5218 }
1515846469367 - LTCETH: bid => { price: '0.176', size: 4830 }
1515846469367 - LTCETH: ask => { price: '0.185', size: 5219 }
1515846469450 - LTCETH: bid => { price: '0.176', size: 4828 }
1515846469450 - LTCETH: ask => { price: '0.185', size: 5218 }
1515846469547 - LTCETH: bid => { price: '0.176', size: 4830 }
1515846469547 - LTCETH: ask => { price: '0.185', size: 5219 }
1515846469747 - LTCETH: bid => { price: '0.176', size: 4828 }
1515846469747 - LTCETH: ask => { price: '0.185', size: 5218 }
1515846469943 - LTCETH: ask => { price: '0.183', size: 316 }
1515846470077 - LTCETH: bid => { price: '0.182', size: 1323 }
1515846471549 - LTCETH: ask => { price: '0.183', size: 324 }
1515846471663 - LTCETH: bid => { price: '0.182', size: 1331 }
1515846472069 - LTCETH: ask => { price: '0.183', size: 312 }
1515846472155 - LTCETH: ask => { price: '0.183', size: 324 }
1515846472350 - LTCETH: bid => { price: '0.177', size: 793 }
1515846472350 - LTCETH: ask => { price: '0.183', size: 303 }
1515846472457 - LTCETH: ask => { price: '0.183', size: 324 }
1515846473347 - LTCETH: ask => { price: '0.183', size: 333 }
1515846473456 - LTCETH: bid => { price: '0.182', size: 1340 }
1515846475155 - LTCETH: ask => { price: '0.183', size: 348 }
1515846475333 - LTCETH: bid => { price: '0.182', size: 1355 }
1515846476459 - LTCETH: bid => { price: '0.178', size: 351 }
1515846477053 - LTCETH: bid => { price: '0.182', size: 1366 }
1515846477053 - LTCETH: ask => { price: '0.183', size: 359 }
1515846477941 - LTCETH: bid => { price: '0.177', size: 3148 }
1515846478873 - LTCETH: ask => { price: '0.183', size: 368 }
1515846478968 - LTCETH: bid => { price: '0.182', size: 1375 }
1515846478968 - LTCETH: ask => { price: '0.187', size: 1315 }
1515846479058 - LTCETH: bid => { price: '0.177', size: 3147 }
1515846479058 - LTCETH: ask => { price: '0.186', size: 1928 }
1515846479180 - LTCETH: bid => { price: '0.177', size: 3148 }
1515846479180 - LTCETH: ask => { price: '0.186', size: 1929 }
1515846479466 - LTCETH: bid => { price: '0.177', size: 3147 }
1515846479466 - LTCETH: ask => { price: '0.186', size: 1928 }
1515846479648 - LTCETH: bid => { price: '0.177', size: 3148 }
1515846479648 - LTCETH: ask => { price: '0.186', size: 1929 }
1515846479868 - LTCETH: bid => { price: '0.177', size: 3147 }
1515846479868 - LTCETH: ask => { price: '0.186', size: 1928 }
1515846479960 - LTCETH: bid => { price: '0.177', size: 3148 }
1515846479960 - LTCETH: ask => { price: '0.186', size: 1929 }
1515846483412 - LTCETH: bid => { price: '0.176', size: 4830 }
1515846483412 - LTCETH: ask => { price: '0.185', size: 5219 }
1515846483480 - LTCETH: bid => { price: '0.176', size: 4828 }
1515846483480 - LTCETH: ask => { price: '0.185', size: 5218 }
1515846483562 - LTCETH: ask => { price: '0.183', size: 387 }
1515846483586 - LTCETH: bid => { price: '0.182', size: 1394 }
1515846483690 - LTCETH: bid => { price: '0.176', size: 4830 }
1515846483690 - LTCETH: ask => { price: '0.185', size: 5219 }
1515846483708 - LTCETH: bid => { price: '0.176', size: 4828 }
1515846483708 - LTCETH: ask => { price: '0.185', size: 5218 }
1515846483960 - LTCETH: ask => { price: '0.183', size: 347 }
1515846484048 - LTCETH: bid => { price: '0.178', size: 1146 }
1515846484348 - LTCETH: ask => { price: '0.183', size: 387 }
1515846484541 - LTCETH: bid => { price: '0.176', size: 4830 }
1515846484541 - LTCETH: ask => { price: '0.185', size: 5219 }
1515846484660 - LTCETH: ask => { price: '0.183', size: 347 }
1515846484841 - LTCETH: ask => { price: '0.183', size: 387 }
1515846485146 - LTCETH: ask => { price: '0.183', size: 347 }
1515846485336 - LTCETH: bid => { price: '0.176', size: 4828 }
1515846485336 - LTCETH: ask => { price: '0.185', size: 5218 }
1515846485563 - LTCETH: ask => { price: '0.183', size: 387 }
1515846485639 - LTCETH: bid => { price: '0.176', size: 4827 }
1515846485639 - LTCETH: ask => { price: '0.183', size: 347 }
1515846485768 - LTCETH: bid => { price: '0.177', size: 3147 }
1515846485768 - LTCETH: ask => { price: '0.186', size: 1928 }
1515846485852 - LTCETH: bid => { price: '0.177', size: 3148 }
1515846485852 - LTCETH: ask => { price: '0.183', size: 387 }
1515846485949 - LTCETH: bid => { price: '0.177', size: 3147 }
1515846485949 - LTCETH: ask => { price: '0.183', size: 347 }
1515846486056 - LTCETH: bid => { price: '0.177', size: 3148 }
1515846486056 - LTCETH: ask => { price: '0.186', size: 1929 }
1515846486145 - LTCETH: bid => { price: '0.177', size: 3147 }
1515846486145 - LTCETH: ask => { price: '0.183', size: 387 }
1515846486258 - LTCETH: bid => { price: '0.177', size: 3148 }
1515846486258 - LTCETH: ask => { price: '0.183', size: 399 }
1515846486373 - LTCETH: bid => { price: '0.177', size: 3147 }
1515846486373 - LTCETH: ask => { price: '0.186', size: 1928 }
1515846486442 - LTCETH: bid => { price: '0.182', size: 1406 }
1515846486586 - LTCETH: bid => { price: '0.177', size: 3148 }
1515846486631 - LTCETH: bid => { price: '0.176', size: 4827 }
1515846486631 - LTCETH: ask => { price: '0.186', size: 1929 }
1515846486955 - LTCETH: bid => { price: '0.177', size: 3147 }
1515846486955 - LTCETH: ask => { price: '0.186', size: 1928 }
1515846488256 - LTCETH: ask => { price: '0.183', size: 412 }
1515846488476 - LTCETH: bid => { price: '0.182', size: 1419 }
1515846488476 - LTCETH: ask => { price: '0.186', size: 1929 }
1515846488585 - LTCETH: bid => { price: '0.177', size: 3147 }
1515846488585 - LTCETH: ask => { price: '0.186', size: 1928 }
1515846488748 - LTCETH: bid => { price: '0.177', size: 3148 }
1515846488748 - LTCETH: ask => { price: '0.186', size: 1929 }
1515846489111 - LTCETH: bid => { price: '0.176', size: 4830 }
1515846489111 - LTCETH: ask => { price: '0.185', size: 5219 }
1515846489343 - LTCETH: bid => { price: '0.176', size: 4831 }
1515846489343 - LTCETH: ask => { price: '0.188', size: 3534 }
1515846489462 - LTCETH: bid => { price: '0.176', size: 4828 }
1515846489462 - LTCETH: ask => { price: '0.185', size: 5218 }
1515846489564 - LTCETH: bid => { price: '0.176', size: 4830 }
1515846489564 - LTCETH: ask => { price: '0.185', size: 5219 }
1515846489757 - LTCETH: bid => { price: '0.176', size: 4828 }
1515846489757 - LTCETH: ask => { price: '0.185', size: 5218 }
1515846490085 - LTCETH: ask => { price: '0.183', size: 418 }
1515846490141 - LTCETH: bid => { price: '0.182', size: 1425 }
1515846490141 - LTCETH: ask => { price: '0.183', size: 378 }
1515846490243 - LTCETH: bid => { price: '0.176', size: 4830 }
1515846490243 - LTCETH: ask => { price: '0.183', size: 318 }
1515846490333 - LTCETH: ask => { price: '0.183', size: 374 }
1515846490570 - LTCETH: ask => { price: '0.183', size: 418 }
1515846490660 - LTCETH: bid => { price: '0.176', size: 4828 }
1515846490660 - LTCETH: ask => { price: '0.185', size: 5218 }
1515846490992 - LTCETH: bid => { price: '0.176', size: 4830 }
1515846490992 - LTCETH: ask => { price: '0.185', size: 5219 }
1515846491053 - LTCETH: bid => { price: '0.176', size: 4831 }
1515846491053 - LTCETH: ask => { price: '0.188', size: 3534 }
1515846491443 - LTCETH: bid => { price: '0.176', size: 4830 }
1515846491443 - LTCETH: ask => { price: '0.183', size: 416 }
1515846491561 - LTCETH: bid => { price: '0.176', size: 4828 }
1515846491561 - LTCETH: ask => { price: '0.183', size: 418 }
1515846491656 - LTCETH: bid => { price: '0.176', size: 4830 }
1515846491656 - LTCETH: ask => { price: '0.185', size: 5219 }
1515846491744 - LTCETH: bid => { price: '0.176', size: 4831 }
1515846491744 - LTCETH: ask => { price: '0.183', size: 433 }
1515846491868 - LTCETH: bid => { price: '0.182', size: 1440 }
1515846491935 - LTCETH: bid => { price: '0.176', size: 4830 }
1515846491935 - LTCETH: ask => { price: '0.183', size: 431 }
1515846492165 - LTCETH: bid => { price: '0.176', size: 1535 }
1515846492165 - LTCETH: ask => { price: '0.185', size: 5218 }
1515846492350 - LTCETH: bid => { price: '0.176', size: 1536 }
1515846492350 - LTCETH: ask => { price: '0.185', size: 5219 }
1515846492445 - LTCETH: bid => { price: '0.175', size: 3560 }
1515846492445 - LTCETH: ask => { price: '0.183', size: 433 }
1515846492674 - LTCETH: bid => { price: '0.175', size: 3559 }
1515846492674 - LTCETH: ask => { price: '0.188', size: 3533 }
1515846492739 - LTCETH: ask => { price: '0.183', size: 419 }
1515846492858 - LTCETH: bid => { price: '0.176', size: 1535 }
1515846492858 - LTCETH: ask => { price: '0.185', size: 5218 }
1515846493233 - LTCETH: bid => { price: '0.176', size: 1536 }
1515846493233 - LTCETH: ask => { price: '0.185', size: 5219 }
1515846493556 - LTCETH: ask => { price: '0.183', size: 426 }
1515846493658 - LTCETH: bid => { price: '0.182', size: 1447 }
1515846493845 - LTCETH: ask => { price: '0.183', size: 440 }
1515846495315 - LTCETH: ask => { price: '0.183', size: 451 }
1515846495359 - LTCETH: bid => { price: '0.176', size: 1535 }
1515846495359 - LTCETH: ask => { price: '0.185', size: 5218 }
1515846495438 - LTCETH: bid => { price: '0.182', size: 1458 }
1515846495438 - LTCETH: ask => { price: '0.185', size: 5219 }
1515846495580 - LTCETH: ask => { price: '0.185', size: 5218 }
1515846495682 - LTCETH: bid => { price: '0.176', size: 1535 }
1515846495766 - LTCETH: bid => { price: '0.176', size: 1536 }
1515846495766 - LTCETH: ask => { price: '0.185', size: 5219 }
1515846496233 - LTCETH: bid => { price: '0.176', size: 1535 }
1515846496233 - LTCETH: ask => { price: '0.185', size: 5218 }
1515846496348 - LTCETH: bid => { price: '0.176', size: 1536 }
1515846496348 - LTCETH: ask => { price: '0.185', size: 5219 }
1515846496535 - LTCETH: bid => { price: '0.176', size: 1535 }
1515846496535 - LTCETH: ask => { price: '0.185', size: 5218 }
1515846496650 - LTCETH: bid => { price: '0.176', size: 1536 }
1515846496650 - LTCETH: ask => { price: '0.185', size: 5219 }
1515846496857 - LTCETH: bid => { price: '0.176', size: 1535 }
1515846496857 - LTCETH: ask => { price: '0.185', size: 5218 }
1515846496955 - LTCETH: bid => { price: '0.176', size: 1536 }
1515846496955 - LTCETH: ask => { price: '0.185', size: 5219 }
1515846497185 - LTCETH: bid => { price: '0.176', size: 1535 }
1515846497185 - LTCETH: ask => { price: '0.185', size: 5218 }
1515846497343 - LTCETH: bid => { price: '0.176', size: 1536 }
1515846497343 - LTCETH: ask => { price: '0.183', size: 467 }
1515846497539 - LTCETH: bid => { price: '0.182', size: 1474 }
1515846497539 - LTCETH: ask => { price: '0.185', size: 5218 }
1515846497660 - LTCETH: bid => { price: '0.176', size: 1536 }
1515846497660 - LTCETH: ask => { price: '0.185', size: 5219 }
1515846497782 - LTCETH: bid => { price: '0.176', size: 1535 }
1515846497782 - LTCETH: ask => { price: '0.185', size: 5218 }
1515846497978 - LTCETH: bid => { price: '0.176', size: 1536 }
1515846497978 - LTCETH: ask => { price: '0.185', size: 5219 }
1515846498131 - LTCETH: bid => { price: '0.176', size: 1535 }
1515846498131 - LTCETH: ask => { price: '0.185', size: 5218 }
1515846498266 - LTCETH: bid => { price: '0.176', size: 1536 }
1515846498266 - LTCETH: ask => { price: '0.185', size: 5219 }
1515846498863 - LTCETH: bid => { price: '0.175', size: 3560 }
1515846498863 - LTCETH: ask => { price: '0.188', size: 3534 }
1515846498952 - LTCETH: bid => { price: '0.177', size: 3149 }
1515846498952 - LTCETH: ask => { price: '0.187', size: 1317 }
1515846499060 - LTCETH: bid => { price: '0.177', size: 3148 }
1515846499060 - LTCETH: ask => { price: '0.187', size: 1316 }
1515846499164 - LTCETH: bid => { price: '0.176', size: 1535 }
1515846499164 - LTCETH: ask => { price: '0.185', size: 5218 }
1515846499269 - LTCETH: bid => { price: '0.176', size: 1536 }
1515846499269 - LTCETH: ask => { price: '0.185', size: 5219 }
1515846499753 - LTCETH: bid => { price: '0.176', size: 4828 }
1515846499753 - LTCETH: ask => { price: '0.185', size: 5218 }
1515846505117 - LTCETH: bid => { price: '0.176', size: 4830 }
1515846505117 - LTCETH: ask => { price: '0.184', size: 998 }
1515846505197 - LTCETH: bid => { price: '0.176', size: 4828 }
1515846505197 - LTCETH: ask => { price: '0.184', size: 997 }
1515846505270 - LTCETH: bid => { price: '0.176', size: 4831 }
1515846505270 - LTCETH: ask => { price: '0.184', size: 998 }
1515846505658 - LTCETH: ask => { price: '0.185', size: 5050 }
1515846505730 - LTCETH: bid => { price: '0.177', size: 3149 }
1515846505730 - LTCETH: ask => { price: '0.187', size: 1317 }
1515846505796 - LTCETH: bid => { price: '0.177', size: 3148 }
1515846505796 - LTCETH: ask => { price: '0.187', size: 1316 }
1515846505893 - LTCETH: bid => { price: '0.177', size: 3149 }
1515846505893 - LTCETH: ask => { price: '0.187', size: 1317 }
1515846506038 - LTCETH: bid => { price: '0.179', size: 188 }
1515846506038 - LTCETH: ask => { price: '0.183', size: 417 }
1515846506159 - LTCETH: bid => { price: '0.179', size: 187 }
1515846506159 - LTCETH: ask => { price: '0.183', size: 441 }
1515846506277 - LTCETH: bid => { price: '0.179', size: 188 }
1515846506277 - LTCETH: ask => { price: '0.183', size: 458 }
1515846506334 - LTCETH: ask => { price: '0.183', size: 466 }
1515846506471 - LTCETH: ask => { price: '0.183', size: 403 }
1515846506736 - LTCETH: bid => { price: '0.179', size: 187 }
1515846506736 - LTCETH: ask => { price: '0.186', size: 1929 }
1515846506948 - LTCETH: bid => { price: '0.179', size: 188 }
1515846506948 - LTCETH: ask => { price: '0.183', size: 445 }
1515846507076 - LTCETH: bid => { price: '0.179', size: 187 }
1515846507076 - LTCETH: ask => { price: '0.183', size: 403 }
1515846507165 - LTCETH: bid => { price: '0.179', size: 188 }
1515846507165 - LTCETH: ask => { price: '0.186', size: 1930 }
1515846507365 - LTCETH: ask => { price: '0.183', size: 457 }
1515846507436 - LTCETH: bid => { price: '0.179', size: 187 }
1515846507436 - LTCETH: ask => { price: '0.183', size: 387 }
1515846507535 - LTCETH: bid => { price: '0.176', size: 1537 }
1515846507535 - LTCETH: ask => { price: '0.183', size: 401 }
1515846507663 - LTCETH: bid => { price: '0.179', size: 188 }
1515846507765 - LTCETH: bid => { price: '0.179', size: 187 }
1515846507765 - LTCETH: ask => { price: '0.186', size: 1929 }
1515846507851 - LTCETH: bid => { price: '0.179', size: 188 }
1515846507851 - LTCETH: ask => { price: '0.183', size: 457 }
1515846507941 - LTCETH: bid => { price: '0.179', size: 187 }
1515846507941 - LTCETH: ask => { price: '0.183', size: 387 }
1515846508060 - LTCETH: bid => { price: '0.179', size: 188 }
1515846508060 - LTCETH: ask => { price: '0.183', size: 401 }
1515846508252 - LTCETH: bid => { price: '0.179', size: 187 }
1515846508252 - LTCETH: ask => { price: '0.186', size: 1929 }
1515846508359 - LTCETH: bid => { price: '0.179', size: 188 }
1515846508359 - LTCETH: ask => { price: '0.183', size: 463 }
1515846508449 - LTCETH: bid => { price: '0.179', size: 187 }
1515846508449 - LTCETH: ask => { price: '0.183', size: 387 }
1515846508565 - LTCETH: ask => { price: '0.183', size: 403 }
1515846508668 - LTCETH: bid => { price: '0.179', size: 188 }
1515846508668 - LTCETH: ask => { price: '0.186', size: 1930 }
1515846508843 - LTCETH: bid => { price: '0.179', size: 187 }
1515846508843 - LTCETH: ask => { price: '0.186', size: 1929 }
1515846508858 - LTCETH: bid => { price: '0.179', size: 188 }
1515846508858 - LTCETH: ask => { price: '0.183', size: 473 }
1515846508992 - LTCETH: bid => { price: '0.179', size: 187 }
1515846508992 - LTCETH: ask => { price: '0.183', size: 477 }
1515846509047 - LTCETH: bid => { price: '0.179', size: 188 }
1515846509047 - LTCETH: ask => { price: '0.186', size: 1930 }
1515846509282 - LTCETH: bid => { price: '0.179', size: 187 }
1515846509282 - LTCETH: ask => { price: '0.186', size: 1929 }
1515846509357 - LTCETH: bid => { price: '0.179', size: 188 }
1515846509357 - LTCETH: ask => { price: '0.185', size: 5015 }
1515846509450 - LTCETH: bid => { price: '0.179', size: 187 }
1515846509450 - LTCETH: ask => { price: '0.186', size: 1929 }
1515846509547 - LTCETH: bid => { price: '0.179', size: 188 }
1515846509547 - LTCETH: ask => { price: '0.186', size: 1930 }
1515846509752 - LTCETH: bid => { price: '0.179', size: 187 }
1515846509752 - LTCETH: ask => { price: '0.186', size: 1929 }
1515846509876 - LTCETH: bid => { price: '0.179', size: 188 }
1515846509876 - LTCETH: ask => { price: '0.186', size: 1930 }
1515846509977 - LTCETH: bid => { price: '0.179', size: 187 }
1515846509977 - LTCETH: ask => { price: '0.186', size: 1929 }
1515846510056 - LTCETH: bid => { price: '0.179', size: 188 }
1515846510056 - LTCETH: ask => { price: '0.186', size: 1930 }
1515846510237 - LTCETH: bid => { price: '0.179', size: 187 }
1515846510237 - LTCETH: ask => { price: '0.183', size: 383 }
1515846510368 - LTCETH: bid => { price: '0.179', size: 188 }
1515846510368 - LTCETH: ask => { price: '0.183', size: 473 }
1515846510440 - LTCETH: bid => { price: '0.179', size: 187 }
1515846510440 - LTCETH: ask => { price: '0.183', size: 387 }
1515846510563 - LTCETH: bid => { price: '0.179', size: 188 }
1515846510563 - LTCETH: ask => { price: '0.183', size: 403 }
1515846510843 - LTCETH: bid => { price: '0.179', size: 187 }
1515846510843 - LTCETH: ask => { price: '0.186', size: 1929 }
1515846510972 - LTCETH: bid => { price: '0.179', size: 188 }
1515846510972 - LTCETH: ask => { price: '0.186', size: 1930 }
1515846511056 - LTCETH: ask => { price: '0.183', size: 473 }
1515846511244 - LTCETH: ask => { price: '0.183', size: 387 }
1515846511354 - LTCETH: ask => { price: '0.183', size: 403 }
1515846511477 - LTCETH: ask => { price: '0.183', size: 473 }
1515846511563 - LTCETH: bid => { price: '0.179', size: 187 }
1515846511563 - LTCETH: ask => { price: '0.183', size: 457 }
1515846511647 - LTCETH: bid => { price: '0.179', size: 188 }
1515846511647 - LTCETH: ask => { price: '0.183', size: 403 }
1515846511864 - LTCETH: bid => { price: '0.179', size: 187 }
1515846511864 - LTCETH: ask => { price: '0.186', size: 1929 }
1515846511973 - LTCETH: ask => { price: '0.183', size: 473 }
1515846512204 - LTCETH: bid => { price: '0.179', size: 188 }
1515846512204 - LTCETH: ask => { price: '0.183', size: 387 }
1515846512350 - LTCETH: bid => { price: '0.179', size: 187 }
1515846512350 - LTCETH: ask => { price: '0.183', size: 403 }
1515846512648 - LTCETH: bid => { price: '0.177', size: 793 }
1515846512872 - LTCETH: bid => { price: '0.175', size: 3559 }
1515846512872 - LTCETH: ask => { price: '0.184', size: 1021 }
1515846512950 - LTCETH: bid => { price: '0.175', size: 3560 }
1515846512950 - LTCETH: ask => { price: '0.188', size: 3534 }
1515846513682 - LTCETH: ask => { price: '0.184', size: 1056 }
1515846514662 - LTCETH: ask => { price: '0.183', size: 457 }
1515846514736 - LTCETH: bid => { price: '0.178', size: 1146 }
1515846514859 - LTCETH: ask => { price: '0.183', size: 477 }
1515846514935 - LTCETH: ask => { price: '0.183', size: 403 }
1515846515065 - LTCETH: ask => { price: '0.183', size: 477 }
1515846515262 - LTCETH: bid => { price: '0.175', size: 3559 }
1515846515262 - LTCETH: ask => { price: '0.188', size: 3533 }
1515846515332 - LTCETH: bid => { price: '0.182', size: 1454 }
1515846515332 - LTCETH: ask => { price: '0.188', size: 3534 }
1515846515474 - LTCETH: bid => { price: '0.175', size: 3559 }
1515846515474 - LTCETH: ask => { price: '0.188', size: 3533 }
1515846515659 - LTCETH: bid => { price: '0.176', size: 1535 }
1515846515659 - LTCETH: ask => { price: '0.184', size: 1055 }
1515846515753 - LTCETH: bid => { price: '0.179', size: 36 }
1515846515753 - LTCETH: ask => { price: '0.183', size: 537 }
1515846515960 - LTCETH: bid => { price: '0.175', size: 3559 }
1515846515960 - LTCETH: ask => { price: '0.188', size: 3533 }
1515846516048 - LTCETH: bid => { price: '0.175', size: 3560 }
1515846516048 - LTCETH: ask => { price: '0.188', size: 3534 }
1515846516175 - LTCETH: bid => { price: '0.175', size: 3559 }
1515846516175 - LTCETH: ask => { price: '0.183', size: 393 }
1515846516493 - LTCETH: bid => { price: '0.175', size: 3560 }
1515846516493 - LTCETH: ask => { price: '0.188', size: 3534 }
1515846516597 - LTCETH: bid => { price: '0.175', size: 3559 }
1515846516597 - LTCETH: ask => { price: '0.188', size: 3533 }
1515846516659 - LTCETH: bid => { price: '0.175', size: 3560 }
1515846516659 - LTCETH: ask => { price: '0.188', size: 3534 }
1515846516947 - LTCETH: ask => { price: '0.188', size: 3533 }
1515846517050 - LTCETH: bid => { price: '0.175', size: 3559 }
1515846517146 - LTCETH: bid => { price: '0.182', size: 1444 }
1515846517299 - LTCETH: bid => { price: '0.175', size: 3560 }
1515846517299 - LTCETH: ask => { price: '0.183', size: 527 }
1515846517366 - LTCETH: ask => { price: '0.183', size: 517 }
1515846517434 - LTCETH: bid => { price: '0.175', size: 3559 }
1515846517434 - LTCETH: ask => { price: '0.183', size: 527 }
1515846517645 - LTCETH: ask => { price: '0.183', size: 517 }
1515846517669 - LTCETH: ask => { price: '0.183', size: 527 }
1515846517876 - LTCETH: bid => { price: '0.175', size: 3560 }
1515846517876 - LTCETH: ask => { price: '0.188', size: 3534 }
1515846517944 - LTCETH: ask => { price: '0.209', size: 200 }
1515846518032 - LTCETH: bid => { price: '0.175', size: 3559 }
1515846518032 - LTCETH: ask => { price: '0.188', size: 3533 }
1515846518173 - LTCETH: bid => { price: '0.175', size: 3560 }
1515846518173 - LTCETH: ask => { price: '0.188', size: 3534 }
1515846518536 - LTCETH: ask => { price: '0.183', size: 459 }
1515846518683 - LTCETH: ask => { price: '0.183', size: 517 }
1515846518751 - LTCETH: bid => { price: '0.175', size: 3559 }
1515846518751 - LTCETH: ask => { price: '0.188', size: 3533 }
1515846518850 - LTCETH: ask => { price: '0.183', size: 527 }
1515846518963 - LTCETH: bid => { price: '0.175', size: 3560 }
1515846518963 - LTCETH: ask => { price: '0.183', size: 517 }
1515846519057 - LTCETH: bid => { price: '0.177', size: 3146 }
1515846519057 - LTCETH: ask => { price: '0.183', size: 527 }
1515846519169 - LTCETH: ask => { price: '0.183', size: 517 }
1515846519350 - LTCETH: bid => { price: '0.175', size: 3560 }
1515846519350 - LTCETH: ask => { price: '0.183', size: 527 }
1515846519465 - LTCETH: bid => { price: '0.175', size: 3559 }
1515846519465 - LTCETH: ask => { price: '0.188', size: 3533 }
1515846519555 - LTCETH: bid => { price: '0.175', size: 3560 }
1515846519555 - LTCETH: ask => { price: '0.188', size: 3534 }
1515846519678 - LTCETH: bid => { price: '0.175', size: 3559 }
1515846519678 - LTCETH: ask => { price: '0.183', size: 517 }
1515846519850 - LTCETH: bid => { price: '0.175', size: 3560 }
1515846519850 - LTCETH: ask => { price: '0.188', size: 3534 }
1515846519942 - LTCETH: ask => { price: '0.183', size: 527 }
1515846520030 - LTCETH: ask => { price: '0.183', size: 517 }
1515846524509 - LTCETH: ask => { price: '0.183', size: 527 }
1515846524524 - LTCETH: bid => { price: '0.179', size: 187 }
1515846524748 - LTCETH: bid => { price: '0.182', size: 1445 }
1515846525759 - LTCETH: bid => { price: '0.175', size: 3559 }
1515846525759 - LTCETH: ask => { price: '0.188', size: 3533 }
1515846526178 - LTCETH: bid => { price: '0.175', size: 3560 }
1515846526178 - LTCETH: ask => { price: '0.188', size: 3534 }
1515846526282 - LTCETH: bid => { price: '0.175', size: 3559 }
1515846526282 - LTCETH: ask => { price: '0.188', size: 3533 }
1515846526491 - LTCETH: bid => { price: '0.175', size: 3560 }
1515846526491 - LTCETH: ask => { price: '0.188', size: 3534 }
1515846526633 - LTCETH: bid => { price: '0.175', size: 3559 }
1515846526633 - LTCETH: ask => { price: '0.188', size: 3533 }
1515846526801 - LTCETH: bid => { price: '0.175', size: 3560 }
1515846526801 - LTCETH: ask => { price: '0.188', size: 3534 }
1515846526890 - LTCETH: ask => { price: '0.183', size: 383 }
1515846526939 - LTCETH: bid => { price: '0.175', size: 3559 }
1515846526939 - LTCETH: ask => { price: '0.183', size: 393 }
1515846527070 - LTCETH: ask => { price: '0.184', size: 910 }
1515846527535 - LTCETH: bid => { price: '0.175', size: 3560 }
1515846527535 - LTCETH: ask => { price: '0.188', size: 3534 }
1515846528335 - LTCETH: bid => { price: '0.176', size: 4831 }
1515846528455 - LTCETH: bid => { price: '0.176', size: 4828 }
1515846528455 - LTCETH: ask => { price: '0.185', size: 4816 }
1515846528663 - LTCETH: bid => { price: '0.176', size: 4831 }
1515846528663 - LTCETH: ask => { price: '0.185', size: 4817 }
1515846528758 - LTCETH: ask => { price: '0.185', size: 5161 }
1515846528934 - LTCETH: bid => { price: '0.176', size: 4828 }
1515846528934 - LTCETH: ask => { price: '0.185', size: 5160 }
1515846529082 - LTCETH: bid => { price: '0.176', size: 4830 }
1515846529082 - LTCETH: ask => { price: '0.185', size: 5161 }
1515846529366 - LTCETH: bid => { price: '0.176', size: 4831 }
1515846529366 - LTCETH: ask => { price: '0.188', size: 3534 }
1515846529571 - LTCETH: bid => { price: '0.176', size: 4828 }
1515846529571 - LTCETH: ask => { price: '0.185', size: 5160 }
1515846529695 - LTCETH: bid => { price: '0.176', size: 4830 }
1515846529695 - LTCETH: ask => { price: '0.185', size: 5161 }
1515846529855 - LTCETH: bid => { price: '0.176', size: 4831 }
1515846529855 - LTCETH: ask => { price: '0.188', size: 3534 }
1515846529935 - LTCETH: bid => { price: '0.176', size: 4827 }
1515846529935 - LTCETH: ask => { price: '0.183', size: 401 }
1515846530054 - LTCETH: bid => { price: '0.177', size: 3145 }
1515846530054 - LTCETH: ask => { price: '0.186', size: 1928 }
1515846530161 - LTCETH: ask => { price: '0.183', size: 509 }
1515846530253 - LTCETH: ask => { price: '0.183', size: 527 }
1515846531141 - LTCETH: ask => { price: '0.184', size: 1055 }
1515846531846 - LTCETH: bid => { price: '0.177', size: 3146 }
1515846531846 - LTCETH: ask => { price: '0.186', size: 1929 }
1515846532052 - LTCETH: bid => { price: '0.175', size: 3558 }
1515846532052 - LTCETH: ask => { price: '0.187', size: 1316 }
1515846532161 - LTCETH: bid => { price: '0.175', size: 3557 }
1515846532161 - LTCETH: ask => { price: '0.187', size: 1315 }
1515846532240 - LTCETH: bid => { price: '0.175', size: 3558 }
1515846532240 - LTCETH: ask => { price: '0.183', size: 383 }
1515846532354 - LTCETH: ask => { price: '0.183', size: 527 }
1515846532438 - LTCETH: bid => { price: '0.175', size: 3557 }
1515846532438 - LTCETH: ask => { price: '0.187', size: 1315 }
1515846532746 - LTCETH: ask => { price: '0.183', size: 457 }
1515846532859 - LTCETH: ask => { price: '0.183', size: 473 }
1515846533068 - LTCETH: ask => { price: '0.183', size: 457 }
1515846534735 - LTCETH: ask => { price: '0.184', size: 1032 }
1515846534850 - LTCETH: ask => { price: '0.183', size: 407 }
1515846535767 - LTCETH: bid => { price: '0.177', size: 3145 }
1515846535767 - LTCETH: ask => { price: '0.183', size: 527 }
1515846536274 - LTCETH: ask => { price: '0.183', size: 460 }
1515846536477 - LTCETH: ask => { price: '0.183', size: 385 }
1515846536868 - LTCETH: bid => { price: '0.178', size: 351 }
1515846536868 - LTCETH: ask => { price: '0.209', size: 202 }
1515846537667 - LTCETH: ask => { price: '0.183', size: 438 }
1515846537856 - LTCETH: bid => { price: '0.177', size: 3146 }
1515846537856 - LTCETH: ask => { price: '0.184', size: 1032 }
1515846537939 - LTCETH: bid => { price: '0.176', size: 1535 }
1515846537939 - LTCETH: ask => { price: '0.183', size: 417 }
1515846539784 - LTCETH: ask => { price: '0.183', size: 457 }
1515846544535 - LTCETH: bid => { price: '0.177', size: 3941 }
1515846548955 - LTCETH: ask => { price: '0.183', size: 527 }
1515846549066 - LTCETH: ask => { price: '0.183', size: 507 }
1515846549164 - LTCETH: ask => { price: '0.183', size: 437 }
1515846549263 - LTCETH: ask => { price: '0.183', size: 487 }
1515846549450 - LTCETH: ask => { price: '0.183', size: 527 }
1515846551769 - LTCETH: ask => { price: '0.191', size: 323 }
1515846552250 - LTCETH: bid => { price: '0.177', size: 1588 }
1515846553972 - LTCETH: ask => { price: '0.183', size: 409 }
1515846554263 - LTCETH: bid => { price: '0.182', size: 1418 }
1515846554356 - LTCETH: bid => { price: '0.177', size: 1587 }
1515846554356 - LTCETH: ask => { price: '0.186', size: 1928 }
1515846554550 - LTCETH: ask => { price: '0.183', size: 397 }
1515846555071 - LTCETH: bid => { price: '0.176', size: 4824 }
1515846555071 - LTCETH: ask => { price: '0.183', size: 500 }
1515846555449 - LTCETH: bid => { price: '0.176', size: 1534 }
1515846555587 - LTCETH: ask => { price: '0.183', size: 407 }
1515846556255 - LTCETH: bid => { price: '0.177', size: 1588 }
1515846556255 - LTCETH: ask => { price: '0.186', size: 1929 }
1515846556977 - LTCETH: ask => { price: '0.184', size: 887 }
1515846557465 - LTCETH: bid => { price: '0.177', size: 1587 }
1515846557465 - LTCETH: ask => { price: '0.186', size: 1928 }
1515846557547 - LTCETH: ask => { price: '0.183', size: 500 }
1515846557768 - LTCETH: bid => { price: '0.176', size: 4824 }
1515846557853 - LTCETH: bid => { price: '0.176', size: 4825 }
1515846558479 - LTCETH: bid => { price: '0.176', size: 4824 }
1515846558651 - LTCETH: bid => { price: '0.176', size: 4825 }
1515846558855 - LTCETH: bid => { price: '0.176', size: 7179 }
1515846564179 - LTCETH: bid => { price: '0.176', size: 7178 }
1515846564938 - LTCETH: bid => { price: '0.176', size: 7179 }
1515846565863 - LTCETH: bid => { price: '0.177', size: 792 }
1515846566265 - LTCETH: bid => { price: '0.176', size: 7178 }
1515846567765 - LTCETH: bid => { price: '0.176', size: 7179 }
1515846568465 - LTCETH: bid => { price: '0.177', size: 793 }
1515846568465 - LTCETH: ask => { price: '0.186', size: 1929 }
1515846568565 - LTCETH: ask => { price: '0.183', size: 407 }
1515846568688 - LTCETH: ask => { price: '0.183', size: 500 }
1515846569367 - LTCETH: bid => { price: '0.177', size: 792 }
1515846569367 - LTCETH: ask => { price: '0.186', size: 1928 }
1515846572937 - LTCETH: bid => { price: '0.177', size: 1587 }
1515846573048 - LTCETH: bid => { price: '0.177', size: 2907 }
1515846573048 - LTCETH: ask => { price: '0.186', size: 1929 }
1515846574187 - LTCETH: bid => { price: '0.177', size: 2905 }
1515846574187 - LTCETH: ask => { price: '0.186', size: 1928 }
1515846574864 - LTCETH: ask => { price: '0.183', size: 419 }
1515846574955 - LTCETH: ask => { price: '0.183', size: 500 }
1515846576479 - LTCETH: ask => { price: '0.183', size: 395 }
1515846578443 - LTCETH: ask => { price: '0.183', size: 500 }
1515846578549 - LTCETH: bid => { price: '0.177', size: 1588 }
1515846578549 - LTCETH: ask => { price: '0.186', size: 1929 }
1515846578639 - LTCETH: ask => { price: '0.183', size: 419 }
1515846579255 - LTCETH: ask => { price: '0.183', size: 407 }
1515846583810 - LTCETH: bid => { price: '0.182', size: 1418 }
1515846583810 - LTCETH: ask => { price: '0.183', size: 407 }
1515846584646 - LTCETH: ask => { price: '0.183', size: 500 }
1515846584852 - LTCETH: ask => { price: '0.183', size: 407 }
1515846584961 - LTCETH: bid => { price: '0.177', size: 1587 }
1515846584961 - LTCETH: ask => { price: '0.186', size: 1928 }
1515846585148 - LTCETH: ask => { price: '0.183', size: 500 }
1515846585565 - LTCETH: bid => { price: '0.177', size: 1588 }
1515846585565 - LTCETH: ask => { price: '0.186', size: 1929 }
1515846585646 - LTCETH: bid => { price: '0.177', size: 1587 }
1515846585646 - LTCETH: ask => { price: '0.183', size: 407 }
1515846585734 - LTCETH: ask => { price: '0.183', size: 500 }
1515846589434 - LTCETH: bid => { price: '0.176', size: 7178 }
1515846591856 - LTCETH: bid => { price: '0.176', size: 7179 }
1515846592894 - LTCETH: bid => { price: '0.176', size: 4825 }
1515846597759 - LTCETH: bid => { price: '0.176', size: 4824 }
1515846597937 - LTCETH: bid => { price: '0.176', size: 4825 }
1515846598364 - LTCETH: bid => { price: '0.176', size: 7179 }
1515846598443 - LTCETH: bid => { price: '0.177', size: 792 }
1515846598752 - LTCETH: ask => { price: '0.184', size: 1032 }
1515846598845 - LTCETH: bid => { price: '0.176', size: 7178 }
1515846598944 - LTCETH: bid => { price: '0.176', size: 7179 }
1515846599073 - LTCETH: ask => { price: '0.183', size: 506 }
1515846599144 - LTCETH: bid => { price: '0.182', size: 1424 }
1515846599450 - LTCETH: bid => { price: '0.176', size: 7178 }
1515846599842 - LTCETH: bid => { price: '0.176', size: 7179 }
1515846605658 - LTCETH: bid => { price: '0.176', size: 7178 }
1515846606035 - LTCETH: bid => { price: '0.176', size: 7179 }
1515846606560 - LTCETH: ask => { price: '0.184', size: 887 }
1515846606762 - LTCETH: bid => { price: '0.176', size: 7178 }
1515846607891 - LTCETH: ask => { price: '0.184', size: 1032 }
1515846607948 - LTCETH: bid => { price: '0.177', size: 1587 }
1515846608144 - LTCETH: ask => { price: '0.183', size: 483 }
1515846608846 - LTCETH: bid => { price: '0.176', size: 7179 }
1515846609333 - LTCETH: ask => { price: '0.183', size: 506 }
1515846609451 - LTCETH: ask => { price: '0.183', size: 470 }
1515846609569 - LTCETH: bid => { price: '0.177', size: 2907 }
1515846609569 - LTCETH: ask => { price: '0.183', size: 506 }
1515846610557 - LTCETH: bid => { price: '0.177', size: 2905 }
1515846610557 - LTCETH: ask => { price: '0.186', size: 1928 }
1515846611256 - LTCETH: bid => { price: '0.177', size: 2907 }
1515846611256 - LTCETH: ask => { price: '0.186', size: 1929 }
1515846611363 - LTCETH: bid => { price: '0.177', size: 2905 }
1515846611363 - LTCETH: ask => { price: '0.186', size: 1928 }
1515846611558 - LTCETH: bid => { price: '0.182', size: 1255 }
1515846611558 - LTCETH: ask => { price: '0.186', size: 1929 }
1515846611660 - LTCETH: bid => { price: '0.177', size: 2905 }
1515846611660 - LTCETH: ask => { price: '0.183', size: 467 }
1515846611744 - LTCETH: bid => { price: '0.176', size: 5860 }
1515846611744 - LTCETH: ask => { price: '0.183', size: 506 }
1515846611938 - LTCETH: ask => { price: '0.183', size: 466 }
1515846612065 - LTCETH: ask => { price: '0.183', size: 467 }
1515846612139 - LTCETH: ask => { price: '0.183', size: 506 }
1515846617071 - LTCETH: ask => { price: '0.183', size: 433 }
1515846617144 - LTCETH: ask => { price: '0.183', size: 505 }
1515846619260 - LTCETH: ask => { price: '0.183', size: 578 }
1515846625043 - LTCETH: bid => { price: '0.176', size: 5861 }
1515846625043 - LTCETH: ask => { price: '0.183', size: 579 }
1515846625139 - LTCETH: ask => { price: '0.183', size: 563 }
1515846625270 - LTCETH: ask => { price: '0.183', size: 579 }
1515846625456 - LTCETH: ask => { price: '0.183', size: 577 }
1515846625844 - LTCETH: ask => { price: '0.183', size: 573 }
1515846625957 - LTCETH: ask => { price: '0.183', size: 577 }
1515846626084 - LTCETH: ask => { price: '0.183', size: 579 }
1515846626163 - LTCETH: ask => { price: '0.183', size: 577 }
1515846626243 - LTCETH: ask => { price: '0.183', size: 579 }
1515846626348 - LTCETH: ask => { price: '0.183', size: 577 }
1515846626667 - LTCETH: ask => { price: '0.183', size: 464 }
1515846626755 - LTCETH: ask => { price: '0.183', size: 577 }
1515846627261 - LTCETH: ask => { price: '0.183', size: 559 }
1515846627678 - LTCETH: ask => { price: '0.183', size: 578 }
1515846627780 - LTCETH: ask => { price: '0.183', size: 579 }
1515846628402 - LTCETH: bid => { price: '0.177', size: 2110 }
1515846632440 - LTCETH: bid => { price: '0.176', size: 3507 }
1515846634880 - LTCETH: bid => { price: '0.176', size: 3506 }
1515846635136 - LTCETH: bid => { price: '0.176', size: 3507 }
1515846635247 - LTCETH: bid => { price: '0.176', size: 3506 }
1515846635564 - LTCETH: bid => { price: '0.176', size: 3507 }
1515846636562 - LTCETH: bid => { price: '0.177', size: 2905 }
1515846638245 - LTCETH: bid => { price: '0.177', size: 5258 }
1515846638851 - LTCETH: ask => { price: '0.184', size: 1097 }
1515846639053 - LTCETH: ask => { price: '0.183', size: 629 }
1515846645261 - LTCETH: ask => { price: '0.183', size: 599 }
1515846645358 - LTCETH: ask => { price: '0.183', size: 562 }
1515846645438 - LTCETH: ask => { price: '0.183', size: 612 }
0.001057
buy => [ 'plr', 0.00109928, 2253, 'IOC' ]
buy => [ 'plr', 0.00109928, 2253, 'IOC' ]
buy => [ 'plr', 0.00109928, 2253, 'IOC' ]
buy => [ 'plr', 0.00109928, 2253, 'IOC' ]
buy => [ 'plr', 0.00109928, 2253, 'IOC' ]
buy => [ 'plr', 0.00109928, 2253, 'IOC' ]
buy => [ 'plr', 0.00109928, 2253, 'IOC' ]
buy => [ 'plr', 0.00109928, 2253, 'IOC' ]
buy => [ 'plr', 0.00109928, 2253, 'IOC' ]
buy => [ 'plr', 0.00109928, 2253, 'IOC' ]
1515846646057 - PLRETH: bid => { price: '0.000892', size: 7477 }
1515846646365 - PLRETH: ask => { price: '0.001051', size: 188235 }
sell => [ 'plr', 0.001319136, 2253 ]
sell => [ 'plr', 0.001319136, 2253 ]
sell => [ 'plr', 0.001319136, 2253 ]
sell => [ 'plr', 0.001319136, 2253 ]
sell => [ 'plr', 0.001319136, 2253 ]
sell => [ 'plr', 0.001319136, 2253 ]
sell => [ 'plr', 0.001319136, 2253 ]
sell => [ 'plr', 0.001319136, 2253 ]
sell => [ 'plr', 0.001319136, 2253 ]
sell => [ 'plr', 0.001319136, 2253 ]
1515846647475 - PLRETH: bid => { price: '0.000892', size: 8507 }
1515846649146 - PLRETH: bid => { price: '0.000892', size: 13058 }
1515846649554 - PLRETH: bid => { price: '0.000847', size: 34116 }
1515846649864 - PLRETH: bid => { price: '0.000846', size: 154117 }
1515846650247 - PLRETH: bid => { price: '0.000847', size: 8234 }
1515846651257 - PLRETH: bid => { price: '0.000846', size: 83529 }
1515846652155 - PLRETH: bid => { price: '0.000846', size: 25882 }
1515846652468 - PLRETH: ask => { price: '0.001051', size: 188235 }
1515846653268 - PLRETH: bid => { price: '0.000918', size: 21786 }
1515846653934 - PLRETH: bid => { price: '0.000919', size: 657 }
1515846655868 - PLRETH: bid => { price: '0.000844', size: 354117 }
1515846657176 - PLRETH: bid => { price: '0.000892', size: 2307 }
1515846657843 - PLRETH: bid => { price: '0.000844', size: 354117 }
1515846658484 - PLRETH: bid => { price: '0.000892', size: 3692 }
1515846659150 - PLRETH: bid => { price: '0.000846', size: 83529 }
1515846659862 - PLRETH: bid => { price: '0.000844', size: 354117 }
1515846664198 - PLRETH: bid => { price: '0.000844', size: 354117 }
1515846664228 - PLRETH: bid => { price: '0.000847', size: 1176 }
1515846664249 - PLRETH: bid => { price: '0.000846', size: 32940 }
1515846665250 - PLRETH: bid => { price: '0.000846', size: 90587 }
1515846666048 - PLRETH: bid => { price: '0.000846', size: 32940 }
1515846666353 - PLRETH: bid => { price: '0.000845', size: 154117 }
1515846666673 - PLRETH: bid => { price: '0.000844', size: 543528 }
1515846667159 - PLRETH: bid => { price: '0.000844', size: 189411 }
1515846667439 - PLRETH: bid => { price: '0.000845', size: 343528 }
1515846668061 - PLRETH: bid => { price: '0.000892', size: 2299 }
1515846668154 - PLRETH: bid => { price: '0.000844', size: 354117 }
1515846668752 - PLRETH: ask => { price: '0.001051', size: 188235 }
1515846669061 - PLRETH: bid => { price: '0.000846', size: 187057 }
1515846670454 - PLRETH: bid => { price: '0.000846', size: 90587 }
1515846670613 - PLRETH: bid => { price: '0.000846', size: 32940 }
1515846670613 - PLRETH: ask => { price: '0.001056', size: 352941 }
1515846670659 - PLRETH: bid => { price: '0.000844', size: 543528 }
1515846670730 - PLRETH: bid => { price: '0.000844', size: 189411 }
1515846670849 - PLRETH: bid => { price: '0.000844', size: 543528 }
1515846671361 - PLRETH: ask => { price: '0.001039', size: 95294 }
1515846671761 - PLRETH: bid => { price: '0.000844', size: 189411 }
1515846671853 - PLRETH: bid => { price: '0.000845', size: 343528 }
1515846672341 - PLRETH: ask => { price: '0.001056', size: 352941 }
1515846672448 - PLRETH: bid => { price: '0.000844', size: 354117 }
1515846673271 - PLRETH: ask => { price: '0.001039', size: 95294 }
1515846673360 - PLRETH: ask => { price: '0.001057', size: 352941 }
1515846673583 - PLRETH: bid => { price: '0.000846', size: 90587 }
1515846674556 - PLRETH: ask => { price: '0.001057', size: 352941 }
1515846675172 - PLRETH: bid => { price: '0.000846', size: 187057 }
1515846675375 - PLRETH: bid => { price: '0.000846', size: 90587 }
1515846675444 - PLRETH: ask => { price: '0.001051', size: 188235 }
1515846675865 - PLRETH: bid => { price: '0.000892', size: 1167 }
1515846676347 - PLRETH: bid => { price: '0.000846', size: 187057 }
1515846677070 - PLRETH: bid => { price: '0.000846', size: 32940 }
1515846677138 - PLRETH: bid => { price: '0.000844', size: 354117 }
1515846678173 - PLRETH: bid => { price: '0.000846', size: 187057 }
1515846678669 - PLRETH: bid => { price: '0.000846', size: 90587 }
1515846679234 - PLRETH: bid => { price: '0.000846', size: 32940 }
1515846679234 - PLRETH: ask => { price: '0.001039', size: 95294 }
1515846679345 - PLRETH: bid => { price: '0.000844', size: 354117 }
1515846679633 - PLRETH: ask => { price: '0.001039', size: 95294 }
1515846679842 - PLRETH: bid => { price: '0.000844', size: 354117 }
1515846683896 - PLRETH: bid => { price: '0.000844', size: 354117 }
1515846683968 - PLRETH: bid => { price: '0.000844', size: 354117 }
1515846684036 - PLRETH: bid => { price: '0.000846', size: 187057 }
1515846684366 - PLRETH: ask => { price: '0.001039', size: 95294 }
1515846685283 - PLRETH: bid => { price: '0.000846', size: 32940 }
1515846685344 - PLRETH: bid => { price: '0.000844', size: 354117 }
1515846686050 - PLRETH: bid => { price: '0.000844', size: 354117 }
1515846686755 - PLRETH: bid => { price: '0.000844', size: 354117 }
1515846687433 - PLRETH: bid => { price: '0.000844', size: 354117 }
1515846687745 - PLRETH: ask => { price: '0.001057', size: 352941 }
1515846688537 - PLRETH: ask => { price: '0.001057', size: 352941 }
1515846689077 - PLRETH: bid => { price: '0.000846', size: 90587 }
1515846689252 - PLRETH: bid => { price: '0.000846', size: 187057 }
1515846690250 - PLRETH: bid => { price: '0.000892', size: 402 }
1515846691256 - PLRETH: ask => { price: '0.001057', size: 352941 }
1515846692277 - PLRETH: ask => { price: '0.001051', size: 188235 }
1515846692342 - PLRETH: bid => { price: '0.000846', size: 32940 }
1515846692453 - PLRETH: bid => { price: '0.000845', size: 154117 }
1515846692638 - PLRETH: bid => { price: '0.000844', size: 543528 }
1515846692945 - PLRETH: bid => { price: '0.000844', size: 189411 }
1515846693054 - PLRETH: bid => { price: '0.000844', size: 543528 }
1515846693150 - PLRETH: ask => { price: '0.001016', size: 58823 }
1515846693443 - PLRETH: bid => { price: '0.000892', size: 2123 }
1515846694060 - PLRETH: bid => { price: '0.000920', size: 21739 }
1515846694763 - PLRETH: bid => { price: '0.000844', size: 354117 }
1515846694964 - PLRETH: bid => { price: '0.000892', size: 8771 }
1515846695070 - PLRETH: ask => { price: '0.001057', size: 352941 }
1515846695760 - PLRETH: ask => { price: '0.000955', size: 1176 }
1515846695890 - PLRETH: bid => { price: '0.000846', size: 187057 }
1515846696482 - PLRETH: bid => { price: '0.000892', size: 14490 }
1515846696569 - PLRETH: ask => { price: '0.001057', size: 352941 }
1515846697552 - PLRETH: ask => { price: '0.000955', size: 7058 }
1515846697851 - PLRETH: ask => { price: '0.000955', size: 1176 }
1515846697957 - PLRETH: bid => { price: '0.000892', size: 21449 }
1515846698171 - PLRETH: ask => { price: '0.001057', size: 352941 }
1515846704396 - PLRETH: bid => { price: '0.000892', size: 33931 }
1515846704518 - PLRETH: ask => { price: '0.001040', size: 95294 }
1515846704553 - PLRETH: bid => { price: '0.000847', size: 8234 }
1515846704600 - PLRETH: ask => { price: '0.001052', size: 188235 }
1515846704692 - PLRETH: ask => { price: '0.001040', size: 95294 }
1515846704845 - PLRETH: bid => { price: '0.000847', size: 34116 }
1515846708054 - PLRETH: bid => { price: '0.000845', size: 354117 }
1515846709859 - PLRETH: bid => { price: '0.000845', size: 354117 }
1515846709956 - PLRETH: bid => { price: '0.000892', size: 64946 }
1515846711271 - PLRETH: bid => { price: '0.000847', size: 91763 }
1515846713481 - PLRETH: bid => { price: '0.000847', size: 188233 }
1515846715456 - PLRETH: bid => { price: '0.000847', size: 91763 }
1515846716531 - PLRETH: bid => { price: '0.000847', size: 188233 }
1515846717673 - PLRETH: bid => { price: '0.000847', size: 91763 }
1515846718866 - PLRETH: bid => { price: '0.000847', size: 188233 }
1515846723601 - PLRETH: bid => { price: '0.000892', size: 3164 }
1515846723820 - PLRETH: bid => { price: '0.000892', size: 19580 }
1515846724058 - PLRETH: bid => { price: '0.000892', size: 23390 }
1515846724748 - PLRETH: bid => { price: '0.000847', size: 34116 }
1515846724869 - PLRETH: bid => { price: '0.000919', size: 21762 }
1515846725055 - PLRETH: bid => { price: '0.000847', size: 8234 }
1515846726067 - PLRETH: bid => { price: '0.000892', size: 26841 }
1515846727482 - PLRETH: bid => { price: '0.000847', size: 188233 }
1515846728179 - PLRETH: ask => { price: '0.001019', size: 58823 }
1515846729164 - PLRETH: ask => { price: '0.001042', size: 95294 }
1515846729485 - PLRETH: bid => { price: '0.000845', size: 354117 }
1515846729586 - PLRETH: ask => { price: '0.001059', size: 352941 }
1515846730080 - PLRETH: bid => { price: '0.000847', size: 91763 }
1515846731256 - PLRETH: bid => { price: '0.000847', size: 188233 }
1515846731336 - PLRETH: bid => { price: '0.000892', size: 510 }
1515846732055 - PLRETH: bid => { price: '0.000845', size: 354117 }
1515846732553 - PLRETH: ask => { price: '0.000956', size: 101176 }
1515846733350 - PLRETH: ask => { price: '0.000957', size: 5882 }
1515846743537 - PLRETH: bid => { price: '0.000849', size: 1176 }
1515846744338 - PLRETH: bid => { price: '0.000892', size: 3872 }
1515846745679 - PLRETH: bid => { price: '0.000901', size: 22197 }
1515846749563 - PLRETH: bid => { price: '0.000902', size: 3547 }
1515846749651 - PLRETH: bid => { price: '0.000902', size: 4204 }
1515846750157 - PLRETH: bid => { price: '0.000848', size: 7058 }
1515846751258 - PLRETH: bid => { price: '0.000902', size: 8847 }
1515846752806 - PLRETH: bid => { price: '0.000903', size: 16795 }
1515846755955 - PLRETH: bid => { price: '0.000903', size: 829 }
1515846758246 - PLRETH: ask => { price: '0.000957', size: 5882 }
1515846759264 - PLRETH: bid => { price: '0.000902', size: 657 }
1515846764028 - PLRETH: bid => { price: '0.000847', size: 369410 }
1515846764118 - PLRETH: bid => { price: '0.000903', size: 4864 }
1515846768015 - PLRETH: bid => { price: '0.000848', size: 32940 }
1515846768071 - PLRETH: bid => { price: '0.000903', size: 12597 }
1515846770436 - PLRETH: bid => { price: '0.000904', size: 657 }
1515846773563 - PLRETH: bid => { price: '0.000847', size: 57647 }
1515846774660 - PLRETH: ask => { price: '0.001053', size: 188235 }
1515846776035 - PLRETH: bid => { price: '0.000905', size: 22099 }
1515846778653 - PLRETH: ask => { price: '0.000956', size: 107058 }
1515846778744 - PLRETH: ask => { price: '0.000956', size: 101176 }
1515846779052 - PLRETH: bid => { price: '0.000847', size: 91763 }
1515846783869 - PLRETH: ask => { price: '0.000956', size: 107058 }
1515846783889 - PLRETH: bid => { price: '0.000892', size: 13394 }
1515846783906 - PLRETH: ask => { price: '0.000956', size: 101176 }
1515846785137 - PLRETH: bid => { price: '0.000892', size: 12980 }
1515846786752 - PLRETH: bid => { price: '0.000892', size: 14748 }
1515846789251 - PLRETH: bid => { price: '0.000848', size: 7058 }
1515846791932 - PLRETH: bid => { price: '0.000892', size: 32543 }
1515846792070 - PLRETH: bid => { price: '0.000845', size: 354117 }
